<?xml version="1.0" encoding="UTF-8"?>
<coverage generated="1647358091071" clover="3.2.0">
  <project timestamp="1647358091071" name="All files">
    <metrics statements="483" coveredstatements="265" conditionals="301" coveredconditionals="103" methods="63" coveredmethods="34" elements="847" coveredelements="402" complexity="0" loc="483" ncloc="483" packages="1" files="4" classes="4"/>
    <file name="kmassetSync.js" path="/Users/ys2n/Code/kmaps-solr-sync/sync/kmassetSync.js">
      <metrics statements="426" coveredstatements="233" conditionals="279" coveredconditionals="96" methods="56" coveredmethods="28"/>
      <line num="1" count="1" type="stmt"/>
      <line num="2" count="1" type="stmt"/>
      <line num="3" count="1" type="stmt"/>
      <line num="4" count="1" type="stmt"/>
      <line num="5" count="1" type="stmt"/>
      <line num="6" count="1" type="stmt"/>
      <line num="7" count="1" type="stmt"/>
      <line num="9" count="1" type="stmt"/>
      <line num="10" count="1" type="stmt"/>
      <line num="12" count="1" type="stmt"/>
      <line num="13" count="1" type="stmt"/>
      <line num="14" count="1" type="stmt"/>
      <line num="15" count="1" type="stmt"/>
      <line num="16" count="1" type="stmt"/>
      <line num="17" count="1" type="stmt"/>
      <line num="18" count="1" type="stmt"/>
      <line num="19" count="1" type="cond" truecount="2" falsecount="0"/>
      <line num="20" count="1" type="stmt"/>
      <line num="21" count="1" type="stmt"/>
      <line num="22" count="0" type="cond" truecount="0" falsecount="2"/>
      <line num="23" count="0" type="stmt"/>
      <line num="24" count="0" type="cond" truecount="0" falsecount="2"/>
      <line num="25" count="0" type="stmt"/>
      <line num="26" count="0" type="cond" truecount="0" falsecount="2"/>
      <line num="27" count="0" type="stmt"/>
      <line num="28" count="0" type="cond" truecount="0" falsecount="2"/>
      <line num="30" count="0" type="cond" truecount="0" falsecount="2"/>
      <line num="32" count="0" type="stmt"/>
      <line num="36" count="1" type="stmt"/>
      <line num="38" count="24" type="cond" truecount="1" falsecount="1"/>
      <line num="46" count="24" type="cond" truecount="1" falsecount="1"/>
      <line num="47" count="0" type="stmt"/>
      <line num="50" count="24" type="stmt"/>
      <line num="56" count="24" type="cond" truecount="1" falsecount="1"/>
      <line num="57" count="0" type="stmt"/>
      <line num="58" count="0" type="stmt"/>
      <line num="60" count="24" type="stmt"/>
      <line num="61" count="24" type="cond" truecount="1" falsecount="1"/>
      <line num="63" count="24" type="stmt"/>
      <line num="65" count="24" type="stmt"/>
      <line num="66" count="144" type="stmt"/>
      <line num="68" count="144" type="cond" truecount="1" falsecount="1"/>
      <line num="69" count="0" type="cond" truecount="0" falsecount="2"/>
      <line num="70" count="0" type="stmt"/>
      <line num="73" count="24" type="stmt"/>
      <line num="75" count="24" type="stmt"/>
      <line num="76" count="24" type="cond" truecount="1" falsecount="1"/>
      <line num="77" count="24" type="stmt"/>
      <line num="78" count="24" type="cond" truecount="1" falsecount="1"/>
      <line num="79" count="0" type="stmt"/>
      <line num="80" count="0" type="stmt"/>
      <line num="82" count="24" type="cond" truecount="1" falsecount="1"/>
      <line num="83" count="0" type="stmt"/>
      <line num="84" count="0" type="stmt"/>
      <line num="85" count="0" type="stmt"/>
      <line num="89" count="24" type="stmt"/>
      <line num="94" count="24" type="stmt"/>
      <line num="95" count="144" type="stmt"/>
      <line num="96" count="144" type="stmt"/>
      <line num="97" count="144" type="stmt"/>
      <line num="100" count="144" type="stmt"/>
      <line num="101" count="144" type="cond" truecount="1" falsecount="1"/>
      <line num="102" count="0" type="stmt"/>
      <line num="105" count="144" type="cond" truecount="2" falsecount="0"/>
      <line num="107" count="27" type="stmt"/>
      <line num="110" count="117" type="cond" truecount="1" falsecount="1"/>
      <line num="112" count="117" type="stmt"/>
      <line num="113" count="117" type="stmt"/>
      <line num="114" count="117" type="stmt"/>
      <line num="115" count="117" type="stmt"/>
      <line num="116" count="117" type="stmt"/>
      <line num="118" count="117" type="stmt"/>
      <line num="122" count="117" type="stmt"/>
      <line num="123" count="117" type="stmt"/>
      <line num="124" count="117" type="stmt"/>
      <line num="125" count="117" type="cond" truecount="1" falsecount="1"/>
      <line num="126" count="0" type="stmt"/>
      <line num="127" count="0" type="stmt"/>
      <line num="128" count="0" type="stmt"/>
      <line num="129" count="0" type="stmt"/>
      <line num="131" count="117" type="cond" truecount="1" falsecount="1"/>
      <line num="132" count="0" type="stmt"/>
      <line num="133" count="0" type="stmt"/>
      <line num="134" count="0" type="stmt"/>
      <line num="135" count="0" type="stmt"/>
      <line num="140" count="117" type="stmt"/>
      <line num="141" count="117" type="stmt"/>
      <line num="142" count="117" type="stmt"/>
      <line num="143" count="117" type="stmt"/>
      <line num="144" count="117" type="stmt"/>
      <line num="146" count="117" type="stmt"/>
      <line num="149" count="0" type="stmt"/>
      <line num="152" count="117" type="cond" truecount="3" falsecount="1"/>
      <line num="153" count="0" type="cond" truecount="0" falsecount="2"/>
      <line num="154" count="0" type="stmt"/>
      <line num="156" count="0" type="stmt"/>
      <line num="160" count="117" type="stmt"/>
      <line num="165" count="117" type="stmt"/>
      <line num="169" count="0" type="stmt"/>
      <line num="170" count="0" type="stmt"/>
      <line num="171" count="0" type="stmt"/>
      <line num="174" count="0" type="stmt"/>
      <line num="175" count="0" type="cond" truecount="0" falsecount="2"/>
      <line num="176" count="0" type="stmt"/>
      <line num="178" count="0" type="stmt"/>
      <line num="182" count="117" type="stmt"/>
      <line num="186" count="117" type="stmt"/>
      <line num="187" count="117" type="stmt"/>
      <line num="188" count="117" type="cond" truecount="1" falsecount="1"/>
      <line num="189" count="117" type="stmt"/>
      <line num="191" count="117" type="stmt"/>
      <line num="194" count="117" type="stmt"/>
      <line num="195" count="117" type="stmt"/>
      <line num="200" count="24" type="stmt"/>
      <line num="205" count="24" type="stmt"/>
      <line num="208" count="24" type="stmt"/>
      <line num="213" count="24" type="cond" truecount="1" falsecount="1"/>
      <line num="214" count="24" type="cond" truecount="1" falsecount="1"/>
      <line num="215" count="0" type="stmt"/>
      <line num="218" count="24" type="stmt"/>
      <line num="224" count="1" type="stmt"/>
      <line num="225" count="1" type="cond" truecount="4" falsecount="1"/>
      <line num="226" count="1" type="stmt"/>
      <line num="227" count="1" type="stmt"/>
      <line num="228" count="1" type="stmt"/>
      <line num="229" count="1" type="stmt"/>
      <line num="232" count="1" type="stmt"/>
      <line num="235" count="1" type="stmt"/>
      <line num="236" count="1" type="stmt"/>
      <line num="237" count="1" type="stmt"/>
      <line num="238" count="1" type="stmt"/>
      <line num="239" count="1" type="stmt"/>
      <line num="240" count="1" type="stmt"/>
      <line num="241" count="1" type="stmt"/>
      <line num="242" count="1" type="stmt"/>
      <line num="243" count="1" type="stmt"/>
      <line num="244" count="1" type="stmt"/>
      <line num="245" count="1" type="stmt"/>
      <line num="246" count="1" type="stmt"/>
      <line num="248" count="1" type="stmt"/>
      <line num="249" count="1" type="stmt"/>
      <line num="251" count="1" type="cond" truecount="1" falsecount="1"/>
      <line num="252" count="1" type="stmt"/>
      <line num="253" count="1" type="stmt"/>
      <line num="256" count="1" type="stmt"/>
      <line num="257" count="1" type="cond" truecount="1" falsecount="1"/>
      <line num="260" count="1" type="stmt"/>
      <line num="261" count="1" type="cond" truecount="1" falsecount="1"/>
      <line num="263" count="1" type="stmt"/>
      <line num="264" count="1" type="cond" truecount="1" falsecount="1"/>
      <line num="265" count="1" type="stmt"/>
      <line num="267" count="1" type="stmt"/>
      <line num="270" count="1" type="cond" truecount="1" falsecount="1"/>
      <line num="271" count="1" type="stmt"/>
      <line num="272" count="0" type="cond" truecount="0" falsecount="2"/>
      <line num="273" count="0" type="stmt"/>
      <line num="275" count="1" type="stmt"/>
      <line num="276" count="1" type="stmt"/>
      <line num="279" count="1" type="cond" truecount="1" falsecount="1"/>
      <line num="280" count="0" type="stmt"/>
      <line num="284" count="1" type="cond" truecount="1" falsecount="1"/>
      <line num="285" count="0" type="stmt"/>
      <line num="288" count="1" type="cond" truecount="2" falsecount="2"/>
      <line num="289" count="0" type="stmt"/>
      <line num="292" count="1" type="cond" truecount="2" falsecount="2"/>
      <line num="293" count="0" type="stmt"/>
      <line num="296" count="1" type="stmt"/>
      <line num="297" count="8" type="stmt"/>
      <line num="299" count="1" type="cond" truecount="1" falsecount="1"/>
      <line num="301" count="1" type="cond" truecount="1" falsecount="1"/>
      <line num="302" count="1" type="cond" truecount="1" falsecount="1"/>
      <line num="303" count="0" type="stmt"/>
      <line num="304" count="0" type="stmt"/>
      <line num="308" count="1" type="stmt"/>
      <line num="311" count="1" type="stmt"/>
      <line num="312" count="1" type="stmt"/>
      <line num="315" count="1" type="cond" truecount="1" falsecount="1"/>
      <line num="323" count="1" type="stmt"/>
      <line num="324" count="26" type="stmt"/>
      <line num="327" count="1" type="stmt"/>
      <line num="328" count="1" type="stmt"/>
      <line num="329" count="13" type="cond" truecount="2" falsecount="0"/>
      <line num="330" count="8" type="stmt"/>
      <line num="331" count="5" type="cond" truecount="1" falsecount="1"/>
      <line num="332" count="5" type="stmt"/>
      <line num="333" count="0" type="cond" truecount="0" falsecount="2"/>
      <line num="334" count="0" type="stmt"/>
      <line num="339" count="1" type="stmt"/>
      <line num="340" count="80" type="stmt"/>
      <line num="341" count="80" type="cond" truecount="4" falsecount="0"/>
      <line num="342" count="11" type="stmt"/>
      <line num="344" count="80" type="stmt"/>
      <line num="347" count="1" type="stmt"/>
      <line num="349" count="1" type="cond" truecount="3" falsecount="1"/>
      <line num="350" count="1" type="cond" truecount="3" falsecount="1"/>
      <line num="351" count="1" type="cond" truecount="3" falsecount="1"/>
      <line num="354" count="1" type="stmt"/>
      <line num="355" count="1" type="stmt"/>
      <line num="358" count="1" type="stmt"/>
      <line num="399" count="1" type="cond" truecount="1" falsecount="1"/>
      <line num="402" count="1" type="cond" truecount="1" falsecount="1"/>
      <line num="403" count="1" type="cond" truecount="1" falsecount="1"/>
      <line num="404" count="1" type="cond" truecount="1" falsecount="1"/>
      <line num="405" count="1" type="cond" truecount="1" falsecount="1"/>
      <line num="406" count="1" type="cond" truecount="1" falsecount="1"/>
      <line num="407" count="1" type="cond" truecount="1" falsecount="1"/>
      <line num="408" count="1" type="cond" truecount="1" falsecount="1"/>
      <line num="410" count="1" type="stmt"/>
      <line num="411" count="1" type="cond" truecount="1" falsecount="1"/>
      <line num="412" count="0" type="stmt"/>
      <line num="416" count="1" type="stmt"/>
      <line num="417" count="1" type="cond" truecount="1" falsecount="1"/>
      <line num="418" count="0" type="stmt"/>
      <line num="420" count="1" type="cond" truecount="2" falsecount="2"/>
      <line num="421" count="0" type="stmt"/>
      <line num="425" count="1" type="stmt"/>
      <line num="426" count="1" type="cond" truecount="1" falsecount="1"/>
      <line num="427" count="1" type="stmt"/>
      <line num="429" count="1" type="cond" truecount="3" falsecount="1"/>
      <line num="430" count="1" type="stmt"/>
      <line num="434" count="1" type="stmt"/>
      <line num="435" count="80" type="stmt"/>
      <line num="436" count="80" type="cond" truecount="4" falsecount="0"/>
      <line num="437" count="1" type="stmt"/>
      <line num="439" count="80" type="stmt"/>
      <line num="442" count="1" type="cond" truecount="1" falsecount="1"/>
      <line num="444" count="1" type="cond" truecount="1" falsecount="1"/>
      <line num="446" count="1" type="stmt"/>
      <line num="449" count="1" type="stmt"/>
      <line num="451" count="1" type="cond" truecount="1" falsecount="1"/>
      <line num="452" count="1" type="stmt"/>
      <line num="453" count="1" type="stmt"/>
      <line num="456" count="1" type="stmt"/>
      <line num="462" count="1" type="stmt"/>
      <line num="465" count="1" type="stmt"/>
      <line num="470" count="0" type="stmt"/>
      <line num="475" count="0" type="stmt"/>
      <line num="478" count="0" type="cond" truecount="0" falsecount="2"/>
      <line num="479" count="0" type="stmt"/>
      <line num="482" count="0" type="stmt"/>
      <line num="489" count="0" type="cond" truecount="0" falsecount="2"/>
      <line num="491" count="0" type="cond" truecount="0" falsecount="2"/>
      <line num="492" count="0" type="stmt"/>
      <line num="494" count="0" type="stmt"/>
      <line num="495" count="0" type="stmt"/>
      <line num="503" count="1" type="stmt"/>
      <line num="504" count="0" type="stmt"/>
      <line num="505" count="0" type="stmt"/>
      <line num="506" count="0" type="stmt"/>
      <line num="507" count="0" type="stmt"/>
      <line num="509" count="0" type="stmt"/>
      <line num="514" count="1" type="stmt"/>
      <line num="515" count="1" type="stmt"/>
      <line num="516" count="1" type="stmt"/>
      <line num="520" count="1" type="stmt"/>
      <line num="522" count="2" type="cond" truecount="1" falsecount="1"/>
      <line num="524" count="0" type="stmt"/>
      <line num="527" count="2" type="cond" truecount="1" falsecount="1"/>
      <line num="529" count="0" type="stmt"/>
      <line num="532" count="2" type="cond" truecount="1" falsecount="1"/>
      <line num="533" count="0" type="stmt"/>
      <line num="534" count="0" type="stmt"/>
      <line num="537" count="2" type="stmt"/>
      <line num="538" count="9" type="stmt"/>
      <line num="539" count="9" type="stmt"/>
      <line num="540" count="9" type="stmt"/>
      <line num="542" count="9" type="cond" truecount="2" falsecount="0"/>
      <line num="543" count="1" type="stmt"/>
      <line num="545" count="8" type="stmt"/>
      <line num="546" count="8" type="stmt"/>
      <line num="547" count="8" type="cond" truecount="4" falsecount="1"/>
      <line num="548" count="0" type="stmt"/>
      <line num="552" count="9" type="stmt"/>
      <line num="554" count="9" type="cond" truecount="1" falsecount="1"/>
      <line num="555" count="9" type="cond" truecount="1" falsecount="1"/>
      <line num="557" count="0" type="stmt"/>
      <line num="558" count="0" type="stmt"/>
      <line num="559" count="0" type="stmt"/>
      <line num="563" count="9" type="stmt"/>
      <line num="565" count="0" type="cond" truecount="0" falsecount="2"/>
      <line num="566" count="0" type="stmt"/>
      <line num="572" count="1" type="stmt"/>
      <line num="573" count="14" type="stmt"/>
      <line num="574" count="14" type="stmt"/>
      <line num="575" count="14" type="stmt"/>
      <line num="576" count="14" type="stmt"/>
      <line num="578" count="14" type="cond" truecount="2" falsecount="0"/>
      <line num="579" count="9" type="stmt"/>
      <line num="580" count="5" type="cond" truecount="1" falsecount="1"/>
      <line num="581" count="5" type="stmt"/>
      <line num="582" count="0" type="cond" truecount="0" falsecount="2"/>
      <line num="583" count="0" type="stmt"/>
      <line num="585" count="0" type="stmt"/>
      <line num="587" count="14" type="stmt"/>
      <line num="590" count="1" type="stmt"/>
      <line num="591" count="1" type="stmt"/>
      <line num="592" count="1" type="stmt"/>
      <line num="593" count="5" type="stmt"/>
      <line num="594" count="5" type="stmt"/>
      <line num="595" count="5" type="cond" truecount="1" falsecount="1"/>
      <line num="596" count="5" type="stmt"/>
      <line num="599" count="1" type="stmt"/>
      <line num="602" count="1" type="stmt"/>
      <line num="606" count="3" type="stmt"/>
      <line num="610" count="3" type="stmt"/>
      <line num="611" count="18" type="stmt"/>
      <line num="613" count="18" type="stmt"/>
      <line num="616" count="18" type="cond" truecount="1" falsecount="1"/>
      <line num="619" count="0" type="stmt"/>
      <line num="620" count="0" type="cond" truecount="0" falsecount="2"/>
      <line num="621" count="0" type="cond" truecount="0" falsecount="2"/>
      <line num="623" count="0" type="cond" truecount="0" falsecount="2"/>
      <line num="625" count="18" type="stmt"/>
      <line num="626" count="18" type="stmt"/>
      <line num="630" count="3" type="stmt"/>
      <line num="634" count="0" type="stmt"/>
      <line num="637" count="0" type="stmt"/>
      <line num="638" count="0" type="stmt"/>
      <line num="639" count="0" type="stmt"/>
      <line num="642" count="0" type="stmt"/>
      <line num="643" count="0" type="cond" truecount="0" falsecount="2"/>
      <line num="644" count="0" type="stmt"/>
      <line num="646" count="0" type="stmt"/>
      <line num="650" count="0" type="stmt"/>
      <line num="651" count="0" type="stmt"/>
      <line num="657" count="1" type="stmt"/>
      <line num="660" count="0" type="cond" truecount="0" falsecount="2"/>
      <line num="662" count="0" type="stmt"/>
      <line num="663" count="0" type="stmt"/>
      <line num="666" count="0" type="stmt"/>
      <line num="669" count="0" type="stmt"/>
      <line num="673" count="0" type="cond" truecount="0" falsecount="2"/>
      <line num="674" count="0" type="stmt"/>
      <line num="677" count="0" type="stmt"/>
      <line num="678" count="0" type="stmt"/>
      <line num="682" count="0" type="cond" truecount="0" falsecount="2"/>
      <line num="684" count="0" type="stmt"/>
      <line num="687" count="0" type="stmt"/>
      <line num="692" count="0" type="stmt"/>
      <line num="693" count="0" type="cond" truecount="0" falsecount="2"/>
      <line num="694" count="0" type="cond" truecount="0" falsecount="2"/>
      <line num="695" count="0" type="stmt"/>
      <line num="698" count="0" type="cond" truecount="0" falsecount="4"/>
      <line num="699" count="0" type="stmt"/>
      <line num="700" count="0" type="stmt"/>
      <line num="703" count="0" type="cond" truecount="0" falsecount="4"/>
      <line num="704" count="0" type="cond" truecount="0" falsecount="2"/>
      <line num="705" count="0" type="cond" truecount="0" falsecount="2"/>
      <line num="706" count="0" type="cond" truecount="0" falsecount="2"/>
      <line num="707" count="0" type="stmt"/>
      <line num="710" count="0" type="cond" truecount="0" falsecount="2"/>
      <line num="711" count="0" type="cond" truecount="0" falsecount="2"/>
      <line num="712" count="0" type="cond" truecount="0" falsecount="2"/>
      <line num="713" count="0" type="cond" truecount="0" falsecount="2"/>
      <line num="714" count="0" type="stmt"/>
      <line num="717" count="0" type="cond" truecount="0" falsecount="2"/>
      <line num="718" count="0" type="cond" truecount="0" falsecount="2"/>
      <line num="719" count="0" type="cond" truecount="0" falsecount="2"/>
      <line num="720" count="0" type="cond" truecount="0" falsecount="2"/>
      <line num="721" count="0" type="stmt"/>
      <line num="725" count="0" type="cond" truecount="0" falsecount="2"/>
      <line num="726" count="0" type="cond" truecount="0" falsecount="2"/>
      <line num="727" count="0" type="cond" truecount="0" falsecount="2"/>
      <line num="728" count="0" type="stmt"/>
      <line num="732" count="0" type="cond" truecount="0" falsecount="2"/>
      <line num="733" count="0" type="stmt"/>
      <line num="736" count="0" type="stmt"/>
      <line num="739" count="0" type="stmt"/>
      <line num="743" count="0" type="stmt"/>
      <line num="744" count="0" type="stmt"/>
      <line num="745" count="0" type="stmt"/>
      <line num="748" count="0" type="stmt"/>
      <line num="749" count="0" type="stmt"/>
      <line num="750" count="0" type="stmt"/>
      <line num="751" count="0" type="stmt"/>
      <line num="752" count="0" type="cond" truecount="0" falsecount="2"/>
      <line num="753" count="0" type="stmt"/>
      <line num="755" count="0" type="stmt"/>
      <line num="760" count="0" type="stmt"/>
      <line num="761" count="0" type="stmt"/>
      <line num="762" count="0" type="stmt"/>
      <line num="763" count="0" type="cond" truecount="0" falsecount="2"/>
      <line num="764" count="0" type="stmt"/>
      <line num="765" count="0" type="stmt"/>
      <line num="766" count="0" type="stmt"/>
      <line num="767" count="0" type="stmt"/>
      <line num="768" count="0" type="cond" truecount="0" falsecount="2"/>
      <line num="769" count="0" type="stmt"/>
      <line num="770" count="0" type="stmt"/>
      <line num="771" count="0" type="cond" truecount="0" falsecount="2"/>
      <line num="772" count="0" type="stmt"/>
      <line num="774" count="0" type="stmt"/>
      <line num="779" count="0" type="stmt"/>
      <line num="780" count="0" type="cond" truecount="0" falsecount="2"/>
      <line num="781" count="0" type="stmt"/>
      <line num="782" count="0" type="stmt"/>
      <line num="784" count="0" type="stmt"/>
      <line num="789" count="0" type="stmt"/>
      <line num="791" count="0" type="cond" truecount="0" falsecount="2"/>
      <line num="792" count="0" type="stmt"/>
      <line num="794" count="0" type="cond" truecount="0" falsecount="2"/>
      <line num="800" count="0" type="stmt"/>
      <line num="804" count="0" type="stmt"/>
      <line num="805" count="0" type="cond" truecount="0" falsecount="2"/>
      <line num="806" count="0" type="stmt"/>
      <line num="807" count="0" type="stmt"/>
      <line num="808" count="0" type="stmt"/>
      <line num="810" count="0" type="cond" truecount="0" falsecount="5"/>
      <line num="813" count="0" type="cond" truecount="0" falsecount="2"/>
      <line num="815" count="0" type="cond" truecount="0" falsecount="2"/>
      <line num="816" count="0" type="cond" truecount="0" falsecount="2"/>
      <line num="817" count="0" type="cond" truecount="0" falsecount="2"/>
      <line num="819" count="0" type="stmt"/>
      <line num="820" count="0" type="stmt"/>
      <line num="821" count="0" type="stmt"/>
      <line num="822" count="0" type="cond" truecount="0" falsecount="2"/>
      <line num="823" count="0" type="stmt"/>
      <line num="824" count="0" type="stmt"/>
      <line num="825" count="0" type="stmt"/>
      <line num="827" count="0" type="cond" truecount="0" falsecount="2"/>
      <line num="828" count="0" type="stmt"/>
      <line num="830" count="0" type="stmt"/>
      <line num="836" count="0" type="cond" truecount="0" falsecount="2"/>
      <line num="837" count="0" type="stmt"/>
      <line num="842" count="1" type="stmt"/>
      <line num="843" count="1" type="stmt"/>
    </file>
    <file name="processNames.js" path="/Users/ys2n/Code/kmaps-solr-sync/sync/processNames.js">
      <metrics statements="11" coveredstatements="11" conditionals="0" coveredconditionals="0" methods="3" coveredmethods="3"/>
      <line num="1" count="1" type="stmt"/>
      <line num="3" count="1" type="stmt"/>
      <line num="6" count="1" type="stmt"/>
      <line num="7" count="80" type="stmt"/>
      <line num="10" count="1" type="stmt"/>
      <line num="12" count="1" type="stmt"/>
      <line num="13" count="13" type="stmt"/>
      <line num="18" count="1" type="stmt"/>
      <line num="19" count="1" type="stmt"/>
      <line num="20" count="1" type="stmt"/>
      <line num="21" count="1" type="stmt"/>
    </file>
    <file name="processRelateds.js" path="/Users/ys2n/Code/kmaps-solr-sync/sync/processRelateds.js">
      <metrics statements="11" coveredstatements="9" conditionals="6" coveredconditionals="3" methods="2" coveredmethods="2"/>
      <line num="1" count="1" type="stmt"/>
      <line num="3" count="1" type="stmt"/>
      <line num="4" count="1" type="stmt"/>
      <line num="5" count="1" type="cond" truecount="1" falsecount="1"/>
      <line num="6" count="0" type="stmt"/>
      <line num="7" count="1" type="cond" truecount="1" falsecount="1"/>
      <line num="8" count="0" type="stmt"/>
      <line num="12" count="1" type="cond" truecount="1" falsecount="1"/>
      <line num="13" count="1" type="stmt"/>
      <line num="14" count="4" type="stmt"/>
      <line num="17" count="1" type="stmt"/>
    </file>
    <file name="processSubjectMapIdFacet.js" path="/Users/ys2n/Code/kmaps-solr-sync/sync/processSubjectMapIdFacet.js">
      <metrics statements="35" coveredstatements="12" conditionals="16" coveredconditionals="4" methods="2" coveredmethods="1"/>
      <line num="1" count="1" type="stmt"/>
      <line num="2" count="1" type="stmt"/>
      <line num="3" count="1" type="stmt"/>
      <line num="5" count="1" type="stmt"/>
      <line num="6" count="1" type="stmt"/>
      <line num="7" count="1" type="stmt"/>
      <line num="8" count="80" type="cond" truecount="2" falsecount="0"/>
      <line num="9" count="1" type="stmt"/>
      <line num="10" count="1" type="cond" truecount="1" falsecount="1"/>
      <line num="11" count="0" type="stmt"/>
      <line num="12" count="0" type="stmt"/>
      <line num="13" count="0" type="stmt"/>
      <line num="14" count="0" type="stmt"/>
      <line num="15" count="0" type="cond" truecount="0" falsecount="2"/>
      <line num="16" count="0" type="stmt"/>
      <line num="17" count="0" type="stmt"/>
      <line num="18" count="0" type="cond" truecount="0" falsecount="2"/>
      <line num="19" count="0" type="stmt"/>
      <line num="20" count="0" type="stmt"/>
      <line num="23" count="0" type="cond" truecount="0" falsecount="2"/>
      <line num="24" count="0" type="stmt"/>
      <line num="27" count="0" type="stmt"/>
      <line num="28" count="0" type="stmt"/>
      <line num="29" count="0" type="stmt"/>
      <line num="30" count="0" type="stmt"/>
      <line num="35" count="1" type="stmt"/>
      <line num="36" count="1" type="cond" truecount="1" falsecount="1"/>
      <line num="37" count="0" type="stmt"/>
      <line num="38" count="0" type="stmt"/>
      <line num="39" count="0" type="stmt"/>
      <line num="41" count="0" type="stmt"/>
      <line num="42" count="0" type="stmt"/>
      <line num="44" count="0" type="cond" truecount="0" falsecount="2"/>
      <line num="45" count="0" type="cond" truecount="0" falsecount="2"/>
      <line num="48" count="1" type="stmt"/>
    </file>
  </project>
</coverage>
