{"/Users/ys2n/Code/kmaps-solr-sync/sync/kmassetSync.js": {"path":"/Users/ys2n/Code/kmaps-solr-sync/sync/kmassetSync.js","statementMap":{"0":{"start":{"line":1,"column":14},"end":{"line":1,"column":30}},"1":{"start":{"line":2,"column":10},"end":{"line":2,"column":27}},"2":{"start":{"line":3,"column":13},"end":{"line":3,"column":28}},"3":{"start":{"line":4,"column":15},"end":{"line":4,"column":32}},"4":{"start":{"line":5,"column":35},"end":{"line":5,"column":72}},"5":{"start":{"line":6,"column":26},"end":{"line":6,"column":54}},"6":{"start":{"line":7,"column":23},"end":{"line":7,"column":48}},"7":{"start":{"line":9,"column":23},"end":{"line":9,"column":51}},"8":{"start":{"line":10,"column":21},"end":{"line":10,"column":73}},"9":{"start":{"line":12,"column":18},"end":{"line":12,"column":38}},"10":{"start":{"line":13,"column":20},"end":{"line":13,"column":33}},"11":{"start":{"line":14,"column":11},"end":{"line":14,"column":24}},"12":{"start":{"line":15,"column":14},"end":{"line":15,"column":19}},"13":{"start":{"line":16,"column":23},"end":{"line":16,"column":50}},"14":{"start":{"line":17,"column":25},"end":{"line":17,"column":63}},"15":{"start":{"line":18,"column":24},"end":{"line":18,"column":61}},"16":{"start":{"line":19,"column":23},"end":{"line":19,"column":63}},"17":{"start":{"line":20,"column":24},"end":{"line":20,"column":61}},"18":{"start":{"line":21,"column":30},"end":{"line":34,"column":1}},"19":{"start":{"line":22,"column":4},"end":{"line":22,"column":62}},"20":{"start":{"line":22,"column":15},"end":{"line":22,"column":62}},"21":{"start":{"line":23,"column":4},"end":{"line":33,"column":7}},"22":{"start":{"line":24,"column":8},"end":{"line":24,"column":122}},"23":{"start":{"line":24,"column":19},"end":{"line":24,"column":122}},"24":{"start":{"line":25,"column":19},"end":{"line":25,"column":21}},"25":{"start":{"line":26,"column":8},"end":{"line":31,"column":9}},"26":{"start":{"line":27,"column":12},"end":{"line":27,"column":96}},"27":{"start":{"line":28,"column":12},"end":{"line":28,"column":70}},"28":{"start":{"line":28,"column":23},"end":{"line":28,"column":70}},"29":{"start":{"line":30,"column":12},"end":{"line":30,"column":72}},"30":{"start":{"line":30,"column":23},"end":{"line":30,"column":72}},"31":{"start":{"line":32,"column":8},"end":{"line":32,"column":28}},"32":{"start":{"line":36,"column":25},"end":{"line":221,"column":1}},"33":{"start":{"line":38,"column":4},"end":{"line":42,"column":8}},"34":{"start":{"line":38,"column":15},"end":{"line":42,"column":8}},"35":{"start":{"line":46,"column":4},"end":{"line":48,"column":5}},"36":{"start":{"line":47,"column":8},"end":{"line":47,"column":53}},"37":{"start":{"line":50,"column":21},"end":{"line":54,"column":21}},"38":{"start":{"line":56,"column":4},"end":{"line":59,"column":5}},"39":{"start":{"line":57,"column":8},"end":{"line":57,"column":29}},"40":{"start":{"line":58,"column":8},"end":{"line":58,"column":38}},"41":{"start":{"line":60,"column":24},"end":{"line":74,"column":5}},"42":{"start":{"line":61,"column":8},"end":{"line":61,"column":80}},"43":{"start":{"line":61,"column":19},"end":{"line":61,"column":80}},"44":{"start":{"line":63,"column":19},"end":{"line":63,"column":37}},"45":{"start":{"line":65,"column":8},"end":{"line":72,"column":9}},"46":{"start":{"line":65,"column":21},"end":{"line":65,"column":22}},"47":{"start":{"line":66,"column":22},"end":{"line":66,"column":29}},"48":{"start":{"line":68,"column":12},"end":{"line":71,"column":13}},"49":{"start":{"line":69,"column":16},"end":{"line":69,"column":83}},"50":{"start":{"line":69,"column":27},"end":{"line":69,"column":83}},"51":{"start":{"line":70,"column":16},"end":{"line":70,"column":58}},"52":{"start":{"line":73,"column":8},"end":{"line":73,"column":29}},"53":{"start":{"line":75,"column":24},"end":{"line":91,"column":5}},"54":{"start":{"line":76,"column":8},"end":{"line":76,"column":81}},"55":{"start":{"line":76,"column":19},"end":{"line":76,"column":81}},"56":{"start":{"line":77,"column":8},"end":{"line":90,"column":11}},"57":{"start":{"line":78,"column":12},"end":{"line":88,"column":13}},"58":{"start":{"line":79,"column":16},"end":{"line":79,"column":55}},"59":{"start":{"line":80,"column":16},"end":{"line":80,"column":81}},"60":{"start":{"line":82,"column":16},"end":{"line":87,"column":17}},"61":{"start":{"line":83,"column":20},"end":{"line":83,"column":61}},"62":{"start":{"line":84,"column":20},"end":{"line":84,"column":72}},"63":{"start":{"line":85,"column":20},"end":{"line":85,"column":66}},"64":{"start":{"line":89,"column":12},"end":{"line":89,"column":31}},"65":{"start":{"line":94,"column":27},"end":{"line":198,"column":5}},"66":{"start":{"line":95,"column":18},"end":{"line":95,"column":25}},"67":{"start":{"line":96,"column":21},"end":{"line":96,"column":23}},"68":{"start":{"line":97,"column":17},"end":{"line":97,"column":18}},"69":{"start":{"line":100,"column":8},"end":{"line":100,"column":42}},"70":{"start":{"line":101,"column":8},"end":{"line":103,"column":9}},"71":{"start":{"line":102,"column":12},"end":{"line":102,"column":109}},"72":{"start":{"line":105,"column":8},"end":{"line":197,"column":9}},"73":{"start":{"line":107,"column":12},"end":{"line":107,"column":34}},"74":{"start":{"line":110,"column":12},"end":{"line":110,"column":93}},"75":{"start":{"line":110,"column":23},"end":{"line":110,"column":93}},"76":{"start":{"line":112,"column":28},"end":{"line":192,"column":18}},"77":{"start":{"line":113,"column":29},"end":{"line":113,"column":32}},"78":{"start":{"line":114,"column":33},"end":{"line":114,"column":34}},"79":{"start":{"line":115,"column":28},"end":{"line":115,"column":29}},"80":{"start":{"line":116,"column":27},"end":{"line":116,"column":32}},"81":{"start":{"line":118,"column":28},"end":{"line":119,"column":17}},"82":{"start":{"line":122,"column":27},"end":{"line":163,"column":17}},"83":{"start":{"line":123,"column":40},"end":{"line":123,"column":132}},"84":{"start":{"line":124,"column":20},"end":{"line":162,"column":23}},"85":{"start":{"line":125,"column":24},"end":{"line":138,"column":25}},"86":{"start":{"line":126,"column":28},"end":{"line":126,"column":67}},"87":{"start":{"line":127,"column":28},"end":{"line":127,"column":96}},"88":{"start":{"line":128,"column":28},"end":{"line":128,"column":53}},"89":{"start":{"line":129,"column":28},"end":{"line":129,"column":35}},"90":{"start":{"line":131,"column":28},"end":{"line":137,"column":29}},"91":{"start":{"line":132,"column":32},"end":{"line":132,"column":91}},"92":{"start":{"line":133,"column":32},"end":{"line":133,"column":73}},"93":{"start":{"line":134,"column":32},"end":{"line":134,"column":88}},"94":{"start":{"line":135,"column":32},"end":{"line":135,"column":82}},"95":{"start":{"line":140,"column":39},"end":{"line":140,"column":65}},"96":{"start":{"line":141,"column":36},"end":{"line":141,"column":59}},"97":{"start":{"line":142,"column":43},"end":{"line":142,"column":72}},"98":{"start":{"line":143,"column":24},"end":{"line":143,"column":65}},"99":{"start":{"line":144,"column":24},"end":{"line":144,"column":62}},"100":{"start":{"line":146,"column":24},"end":{"line":161,"column":31}},"101":{"start":{"line":149,"column":32},"end":{"line":149,"column":55}},"102":{"start":{"line":152,"column":32},"end":{"line":159,"column":33}},"103":{"start":{"line":153,"column":36},"end":{"line":155,"column":37}},"104":{"start":{"line":154,"column":40},"end":{"line":154,"column":61}},"105":{"start":{"line":156,"column":36},"end":{"line":156,"column":87}},"106":{"start":{"line":160,"column":32},"end":{"line":160,"column":62}},"107":{"start":{"line":165,"column":33},"end":{"line":184,"column":17}},"108":{"start":{"line":169,"column":40},"end":{"line":169,"column":74}},"109":{"start":{"line":170,"column":28},"end":{"line":170,"column":86}},"110":{"start":{"line":171,"column":28},"end":{"line":171,"column":41}},"111":{"start":{"line":174,"column":28},"end":{"line":174,"column":96}},"112":{"start":{"line":175,"column":28},"end":{"line":177,"column":29}},"113":{"start":{"line":176,"column":32},"end":{"line":176,"column":70}},"114":{"start":{"line":178,"column":28},"end":{"line":178,"column":40}},"115":{"start":{"line":182,"column":24},"end":{"line":182,"column":33}},"116":{"start":{"line":186,"column":16},"end":{"line":186,"column":40}},"117":{"start":{"line":187,"column":16},"end":{"line":190,"column":17}},"118":{"start":{"line":188,"column":20},"end":{"line":188,"column":83}},"119":{"start":{"line":188,"column":31},"end":{"line":188,"column":83}},"120":{"start":{"line":189,"column":20},"end":{"line":189,"column":41}},"121":{"start":{"line":191,"column":16},"end":{"line":191,"column":29}},"122":{"start":{"line":194,"column":12},"end":{"line":196,"column":15}},"123":{"start":{"line":195,"column":16},"end":{"line":195,"column":44}},"124":{"start":{"line":200,"column":4},"end":{"line":220,"column":6}},"125":{"start":{"line":205,"column":16},"end":{"line":209,"column":22}},"126":{"start":{"line":208,"column":24},"end":{"line":208,"column":60}},"127":{"start":{"line":213,"column":12},"end":{"line":213,"column":58}},"128":{"start":{"line":213,"column":23},"end":{"line":213,"column":58}},"129":{"start":{"line":214,"column":12},"end":{"line":216,"column":13}},"130":{"start":{"line":215,"column":16},"end":{"line":215,"column":35}},"131":{"start":{"line":218,"column":12},"end":{"line":218,"column":35}},"132":{"start":{"line":224,"column":33},"end":{"line":224,"column":35}},"133":{"start":{"line":225,"column":4},"end":{"line":231,"column":5}},"134":{"start":{"line":226,"column":8},"end":{"line":226,"column":63}},"135":{"start":{"line":227,"column":8},"end":{"line":230,"column":9}},"136":{"start":{"line":227,"column":21},"end":{"line":227,"column":22}},"137":{"start":{"line":228,"column":22},"end":{"line":228,"column":86}},"138":{"start":{"line":229,"column":12},"end":{"line":229,"column":46}},"139":{"start":{"line":232,"column":4},"end":{"line":232,"column":34}},"140":{"start":{"line":235,"column":23},"end":{"line":463,"column":1}},"141":{"start":{"line":236,"column":17},"end":{"line":236,"column":31}},"142":{"start":{"line":237,"column":15},"end":{"line":237,"column":43}},"143":{"start":{"line":238,"column":16},"end":{"line":238,"column":29}},"144":{"start":{"line":239,"column":19},"end":{"line":239,"column":35}},"145":{"start":{"line":240,"column":19},"end":{"line":240,"column":33}},"146":{"start":{"line":241,"column":26},"end":{"line":241,"column":49}},"147":{"start":{"line":242,"column":29},"end":{"line":242,"column":55}},"148":{"start":{"line":243,"column":30},"end":{"line":243,"column":32}},"149":{"start":{"line":244,"column":28},"end":{"line":244,"column":30}},"150":{"start":{"line":245,"column":27},"end":{"line":245,"column":29}},"151":{"start":{"line":246,"column":17},"end":{"line":246,"column":19}},"152":{"start":{"line":248,"column":35},"end":{"line":248,"column":109}},"153":{"start":{"line":249,"column":33},"end":{"line":249,"column":72}},"154":{"start":{"line":251,"column":4},"end":{"line":254,"column":5}},"155":{"start":{"line":252,"column":8},"end":{"line":252,"column":38}},"156":{"start":{"line":253,"column":8},"end":{"line":253,"column":50}},"157":{"start":{"line":256,"column":17},"end":{"line":256,"column":51}},"158":{"start":{"line":257,"column":4},"end":{"line":257,"column":60}},"159":{"start":{"line":257,"column":15},"end":{"line":257,"column":60}},"160":{"start":{"line":260,"column":19},"end":{"line":260,"column":45}},"161":{"start":{"line":261,"column":4},"end":{"line":261,"column":59}},"162":{"start":{"line":261,"column":15},"end":{"line":261,"column":59}},"163":{"start":{"line":263,"column":18},"end":{"line":263,"column":33}},"164":{"start":{"line":264,"column":4},"end":{"line":266,"column":5}},"165":{"start":{"line":265,"column":8},"end":{"line":265,"column":46}},"166":{"start":{"line":267,"column":21},"end":{"line":267,"column":58}},"167":{"start":{"line":270,"column":4},"end":{"line":274,"column":5}},"168":{"start":{"line":271,"column":8},"end":{"line":271,"column":49}},"169":{"start":{"line":272,"column":11},"end":{"line":274,"column":5}},"170":{"start":{"line":273,"column":8},"end":{"line":273,"column":54}},"171":{"start":{"line":275,"column":23},"end":{"line":275,"column":42}},"172":{"start":{"line":276,"column":24},"end":{"line":276,"column":54}},"173":{"start":{"line":279,"column":4},"end":{"line":281,"column":5}},"174":{"start":{"line":280,"column":8},"end":{"line":280,"column":56}},"175":{"start":{"line":284,"column":4},"end":{"line":286,"column":5}},"176":{"start":{"line":285,"column":8},"end":{"line":285,"column":60}},"177":{"start":{"line":288,"column":4},"end":{"line":290,"column":5}},"178":{"start":{"line":289,"column":8},"end":{"line":289,"column":63}},"179":{"start":{"line":292,"column":4},"end":{"line":294,"column":5}},"180":{"start":{"line":293,"column":8},"end":{"line":293,"column":77}},"181":{"start":{"line":296,"column":20},"end":{"line":298,"column":6}},"182":{"start":{"line":297,"column":8},"end":{"line":297,"column":31}},"183":{"start":{"line":299,"column":23},"end":{"line":299,"column":78}},"184":{"start":{"line":301,"column":4},"end":{"line":309,"column":5}},"185":{"start":{"line":302,"column":8},"end":{"line":307,"column":9}},"186":{"start":{"line":303,"column":12},"end":{"line":303,"column":63}},"187":{"start":{"line":304,"column":12},"end":{"line":304,"column":37}},"188":{"start":{"line":308,"column":8},"end":{"line":308,"column":56}},"189":{"start":{"line":311,"column":28},"end":{"line":313,"column":6}},"190":{"start":{"line":312,"column":8},"end":{"line":312,"column":30}},"191":{"start":{"line":315,"column":4},"end":{"line":321,"column":6}},"192":{"start":{"line":315,"column":15},"end":{"line":321,"column":6}},"193":{"start":{"line":323,"column":4},"end":{"line":325,"column":8}},"194":{"start":{"line":324,"column":8},"end":{"line":324,"column":17}},"195":{"start":{"line":327,"column":17},"end":{"line":327,"column":52}},"196":{"start":{"line":328,"column":4},"end":{"line":336,"column":7}},"197":{"start":{"line":329,"column":8},"end":{"line":335,"column":9}},"198":{"start":{"line":330,"column":12},"end":{"line":330,"column":36}},"199":{"start":{"line":331,"column":15},"end":{"line":335,"column":9}},"200":{"start":{"line":332,"column":12},"end":{"line":332,"column":38}},"201":{"start":{"line":333,"column":15},"end":{"line":335,"column":9}},"202":{"start":{"line":334,"column":12},"end":{"line":334,"column":35}},"203":{"start":{"line":339,"column":22},"end":{"line":345,"column":10}},"204":{"start":{"line":340,"column":21},"end":{"line":340,"column":61}},"205":{"start":{"line":341,"column":8},"end":{"line":343,"column":9}},"206":{"start":{"line":342,"column":12},"end":{"line":342,"column":32}},"207":{"start":{"line":344,"column":8},"end":{"line":344,"column":22}},"208":{"start":{"line":347,"column":28},"end":{"line":347,"column":50}},"209":{"start":{"line":349,"column":27},"end":{"line":349,"column":110}},"210":{"start":{"line":350,"column":28},"end":{"line":350,"column":114}},"211":{"start":{"line":351,"column":29},"end":{"line":351,"column":100}},"212":{"start":{"line":354,"column":18},"end":{"line":354,"column":45}},"213":{"start":{"line":355,"column":22},"end":{"line":355,"column":47}},"214":{"start":{"line":358,"column":16},"end":{"line":396,"column":5}},"215":{"start":{"line":399,"column":4},"end":{"line":399,"column":74}},"216":{"start":{"line":399,"column":31},"end":{"line":399,"column":74}},"217":{"start":{"line":402,"column":4},"end":{"line":402,"column":115}},"218":{"start":{"line":402,"column":45},"end":{"line":402,"column":115}},"219":{"start":{"line":403,"column":4},"end":{"line":403,"column":127}},"220":{"start":{"line":403,"column":45},"end":{"line":403,"column":127}},"221":{"start":{"line":404,"column":4},"end":{"line":404,"column":107}},"222":{"start":{"line":404,"column":45},"end":{"line":404,"column":107}},"223":{"start":{"line":405,"column":4},"end":{"line":405,"column":114}},"224":{"start":{"line":405,"column":45},"end":{"line":405,"column":114}},"225":{"start":{"line":406,"column":4},"end":{"line":406,"column":109}},"226":{"start":{"line":406,"column":46},"end":{"line":406,"column":109}},"227":{"start":{"line":407,"column":4},"end":{"line":407,"column":118}},"228":{"start":{"line":407,"column":45},"end":{"line":407,"column":118}},"229":{"start":{"line":408,"column":4},"end":{"line":408,"column":108}},"230":{"start":{"line":408,"column":46},"end":{"line":408,"column":108}},"231":{"start":{"line":410,"column":31},"end":{"line":410,"column":80}},"232":{"start":{"line":411,"column":4},"end":{"line":413,"column":5}},"233":{"start":{"line":412,"column":8},"end":{"line":412,"column":67}},"234":{"start":{"line":416,"column":18},"end":{"line":416,"column":22}},"235":{"start":{"line":417,"column":4},"end":{"line":419,"column":5}},"236":{"start":{"line":418,"column":8},"end":{"line":418,"column":54}},"237":{"start":{"line":420,"column":4},"end":{"line":422,"column":5}},"238":{"start":{"line":421,"column":8},"end":{"line":421,"column":30}},"239":{"start":{"line":425,"column":18},"end":{"line":425,"column":22}},"240":{"start":{"line":426,"column":4},"end":{"line":428,"column":5}},"241":{"start":{"line":427,"column":8},"end":{"line":427,"column":47}},"242":{"start":{"line":429,"column":4},"end":{"line":431,"column":5}},"243":{"start":{"line":430,"column":8},"end":{"line":430,"column":27}},"244":{"start":{"line":434,"column":26},"end":{"line":440,"column":10}},"245":{"start":{"line":435,"column":21},"end":{"line":435,"column":59}},"246":{"start":{"line":436,"column":8},"end":{"line":438,"column":9}},"247":{"start":{"line":437,"column":12},"end":{"line":437,"column":36}},"248":{"start":{"line":439,"column":8},"end":{"line":439,"column":22}},"249":{"start":{"line":442,"column":4},"end":{"line":442,"column":62}},"250":{"start":{"line":442,"column":15},"end":{"line":442,"column":62}},"251":{"start":{"line":444,"column":4},"end":{"line":459,"column":5}},"252":{"start":{"line":446,"column":8},"end":{"line":446,"column":74}},"253":{"start":{"line":449,"column":8},"end":{"line":458,"column":11}},"254":{"start":{"line":451,"column":12},"end":{"line":457,"column":13}},"255":{"start":{"line":452,"column":27},"end":{"line":452,"column":58}},"256":{"start":{"line":453,"column":27},"end":{"line":453,"column":55}},"257":{"start":{"line":456,"column":16},"end":{"line":456,"column":40}},"258":{"start":{"line":462,"column":4},"end":{"line":462,"column":15}},"259":{"start":{"line":465,"column":27},"end":{"line":501,"column":1}},"260":{"start":{"line":470,"column":4},"end":{"line":498,"column":5}},"261":{"start":{"line":475,"column":28},"end":{"line":475,"column":67}},"262":{"start":{"line":478,"column":16},"end":{"line":480,"column":17}},"263":{"start":{"line":479,"column":20},"end":{"line":479,"column":70}},"264":{"start":{"line":482,"column":16},"end":{"line":482,"column":27}},"265":{"start":{"line":489,"column":12},"end":{"line":489,"column":50}},"266":{"start":{"line":489,"column":23},"end":{"line":489,"column":50}},"267":{"start":{"line":491,"column":12},"end":{"line":493,"column":13}},"268":{"start":{"line":492,"column":16},"end":{"line":492,"column":57}},"269":{"start":{"line":494,"column":12},"end":{"line":496,"column":15}},"270":{"start":{"line":495,"column":16},"end":{"line":495,"column":34}},"271":{"start":{"line":503,"column":26},"end":{"line":511,"column":1}},"272":{"start":{"line":504,"column":25},"end":{"line":504,"column":53}},"273":{"start":{"line":505,"column":18},"end":{"line":505,"column":78}},"274":{"start":{"line":506,"column":22},"end":{"line":506,"column":62}},"275":{"start":{"line":507,"column":4},"end":{"line":510,"column":7}},"276":{"start":{"line":509,"column":8},"end":{"line":509,"column":42}},"277":{"start":{"line":514,"column":23},"end":{"line":514,"column":80}},"278":{"start":{"line":515,"column":25},"end":{"line":515,"column":86}},"279":{"start":{"line":516,"column":24},"end":{"line":516,"column":83}},"280":{"start":{"line":520,"column":18},"end":{"line":570,"column":1}},"281":{"start":{"line":522,"column":4},"end":{"line":525,"column":5}},"282":{"start":{"line":524,"column":8},"end":{"line":524,"column":15}},"283":{"start":{"line":527,"column":4},"end":{"line":530,"column":5}},"284":{"start":{"line":529,"column":8},"end":{"line":529,"column":15}},"285":{"start":{"line":532,"column":4},"end":{"line":535,"column":5}},"286":{"start":{"line":533,"column":8},"end":{"line":533,"column":59}},"287":{"start":{"line":534,"column":8},"end":{"line":534,"column":15}},"288":{"start":{"line":537,"column":4},"end":{"line":569,"column":5}},"289":{"start":{"line":537,"column":17},"end":{"line":537,"column":18}},"290":{"start":{"line":538,"column":21},"end":{"line":538,"column":29}},"291":{"start":{"line":539,"column":19},"end":{"line":539,"column":25}},"292":{"start":{"line":540,"column":18},"end":{"line":540,"column":20}},"293":{"start":{"line":542,"column":8},"end":{"line":550,"column":9}},"294":{"start":{"line":543,"column":12},"end":{"line":543,"column":36}},"295":{"start":{"line":545,"column":12},"end":{"line":545,"column":21}},"296":{"start":{"line":546,"column":30},"end":{"line":546,"column":52}},"297":{"start":{"line":547,"column":12},"end":{"line":549,"column":13}},"298":{"start":{"line":548,"column":16},"end":{"line":548,"column":130}},"299":{"start":{"line":552,"column":20},"end":{"line":552,"column":45}},"300":{"start":{"line":554,"column":8},"end":{"line":567,"column":9}},"301":{"start":{"line":555,"column":12},"end":{"line":560,"column":13}},"302":{"start":{"line":557,"column":26},"end":{"line":557,"column":110}},"303":{"start":{"line":558,"column":16},"end":{"line":558,"column":39}},"304":{"start":{"line":559,"column":16},"end":{"line":559,"column":33}},"305":{"start":{"line":563,"column":12},"end":{"line":563,"column":44}},"306":{"start":{"line":565,"column":12},"end":{"line":565,"column":68}},"307":{"start":{"line":565,"column":23},"end":{"line":565,"column":68}},"308":{"start":{"line":566,"column":12},"end":{"line":566,"column":44}},"309":{"start":{"line":572,"column":19},"end":{"line":588,"column":1}},"310":{"start":{"line":573,"column":18},"end":{"line":573,"column":30}},"311":{"start":{"line":574,"column":17},"end":{"line":574,"column":25}},"312":{"start":{"line":575,"column":13},"end":{"line":575,"column":29}},"313":{"start":{"line":576,"column":4},"end":{"line":576,"column":14}},"314":{"start":{"line":578,"column":4},"end":{"line":586,"column":5}},"315":{"start":{"line":579,"column":8},"end":{"line":579,"column":16}},"316":{"start":{"line":580,"column":11},"end":{"line":586,"column":5}},"317":{"start":{"line":581,"column":8},"end":{"line":581,"column":16}},"318":{"start":{"line":582,"column":11},"end":{"line":586,"column":5}},"319":{"start":{"line":583,"column":8},"end":{"line":583,"column":16}},"320":{"start":{"line":585,"column":8},"end":{"line":585,"column":74}},"321":{"start":{"line":587,"column":4},"end":{"line":587,"column":14}},"322":{"start":{"line":590,"column":19},"end":{"line":600,"column":1}},"323":{"start":{"line":591,"column":18},"end":{"line":591,"column":20}},"324":{"start":{"line":592,"column":4},"end":{"line":598,"column":5}},"325":{"start":{"line":592,"column":17},"end":{"line":592,"column":18}},"326":{"start":{"line":593,"column":23},"end":{"line":593,"column":44}},"327":{"start":{"line":594,"column":8},"end":{"line":594,"column":50}},"328":{"start":{"line":595,"column":8},"end":{"line":597,"column":9}},"329":{"start":{"line":596,"column":12},"end":{"line":596,"column":35}},"330":{"start":{"line":599,"column":4},"end":{"line":599,"column":19}},"331":{"start":{"line":602,"column":22},"end":{"line":631,"column":1}},"332":{"start":{"line":606,"column":21},"end":{"line":606,"column":23}},"333":{"start":{"line":610,"column":4},"end":{"line":627,"column":5}},"334":{"start":{"line":610,"column":17},"end":{"line":610,"column":18}},"335":{"start":{"line":611,"column":20},"end":{"line":611,"column":30}},"336":{"start":{"line":613,"column":19},"end":{"line":613,"column":44}},"337":{"start":{"line":616,"column":8},"end":{"line":624,"column":9}},"338":{"start":{"line":619,"column":26},"end":{"line":619,"column":92}},"339":{"start":{"line":620,"column":12},"end":{"line":622,"column":13}},"340":{"start":{"line":621,"column":16},"end":{"line":621,"column":100}},"341":{"start":{"line":621,"column":35},"end":{"line":621,"column":100}},"342":{"start":{"line":623,"column":12},"end":{"line":623,"column":58}},"343":{"start":{"line":625,"column":22},"end":{"line":625,"column":38}},"344":{"start":{"line":626,"column":8},"end":{"line":626,"column":29}},"345":{"start":{"line":630,"column":4},"end":{"line":630,"column":20}},"346":{"start":{"line":634,"column":4},"end":{"line":654,"column":6}},"347":{"start":{"line":637,"column":30},"end":{"line":637,"column":58}},"348":{"start":{"line":638,"column":16},"end":{"line":638,"column":99}},"349":{"start":{"line":639,"column":16},"end":{"line":639,"column":29}},"350":{"start":{"line":642,"column":16},"end":{"line":642,"column":67}},"351":{"start":{"line":643,"column":16},"end":{"line":645,"column":17}},"352":{"start":{"line":644,"column":20},"end":{"line":644,"column":58}},"353":{"start":{"line":646,"column":16},"end":{"line":646,"column":28}},"354":{"start":{"line":650,"column":12},"end":{"line":652,"column":15}},"355":{"start":{"line":651,"column":16},"end":{"line":651,"column":30}},"356":{"start":{"line":657,"column":24},"end":{"line":840,"column":5}},"357":{"start":{"line":660,"column":8},"end":{"line":664,"column":9}},"358":{"start":{"line":662,"column":12},"end":{"line":662,"column":62}},"359":{"start":{"line":663,"column":12},"end":{"line":663,"column":19}},"360":{"start":{"line":666,"column":29},"end":{"line":666,"column":57}},"361":{"start":{"line":669,"column":32},"end":{"line":689,"column":9}},"362":{"start":{"line":673,"column":12},"end":{"line":675,"column":13}},"363":{"start":{"line":674,"column":16},"end":{"line":674,"column":28}},"364":{"start":{"line":677,"column":37},"end":{"line":677,"column":52}},"365":{"start":{"line":678,"column":36},"end":{"line":678,"column":51}},"366":{"start":{"line":682,"column":12},"end":{"line":685,"column":13}},"367":{"start":{"line":684,"column":16},"end":{"line":684,"column":28}},"368":{"start":{"line":687,"column":12},"end":{"line":687,"column":25}},"369":{"start":{"line":692,"column":26},"end":{"line":734,"column":9}},"370":{"start":{"line":693,"column":12},"end":{"line":696,"column":13}},"371":{"start":{"line":694,"column":16},"end":{"line":694,"column":71}},"372":{"start":{"line":694,"column":27},"end":{"line":694,"column":71}},"373":{"start":{"line":695,"column":16},"end":{"line":695,"column":28}},"374":{"start":{"line":698,"column":12},"end":{"line":701,"column":13}},"375":{"start":{"line":699,"column":16},"end":{"line":699,"column":66}},"376":{"start":{"line":700,"column":16},"end":{"line":700,"column":29}},"377":{"start":{"line":703,"column":12},"end":{"line":708,"column":13}},"378":{"start":{"line":704,"column":16},"end":{"line":704,"column":79}},"379":{"start":{"line":704,"column":27},"end":{"line":704,"column":79}},"380":{"start":{"line":705,"column":16},"end":{"line":705,"column":117}},"381":{"start":{"line":705,"column":27},"end":{"line":705,"column":117}},"382":{"start":{"line":706,"column":16},"end":{"line":706,"column":74}},"383":{"start":{"line":706,"column":27},"end":{"line":706,"column":74}},"384":{"start":{"line":707,"column":16},"end":{"line":707,"column":28}},"385":{"start":{"line":710,"column":12},"end":{"line":715,"column":13}},"386":{"start":{"line":711,"column":16},"end":{"line":711,"column":109}},"387":{"start":{"line":711,"column":27},"end":{"line":711,"column":109}},"388":{"start":{"line":712,"column":16},"end":{"line":712,"column":109}},"389":{"start":{"line":712,"column":27},"end":{"line":712,"column":109}},"390":{"start":{"line":713,"column":16},"end":{"line":713,"column":101}},"391":{"start":{"line":713,"column":27},"end":{"line":713,"column":101}},"392":{"start":{"line":714,"column":16},"end":{"line":714,"column":28}},"393":{"start":{"line":717,"column":12},"end":{"line":722,"column":13}},"394":{"start":{"line":718,"column":16},"end":{"line":718,"column":111}},"395":{"start":{"line":718,"column":27},"end":{"line":718,"column":111}},"396":{"start":{"line":719,"column":16},"end":{"line":719,"column":111}},"397":{"start":{"line":719,"column":27},"end":{"line":719,"column":111}},"398":{"start":{"line":720,"column":16},"end":{"line":720,"column":104}},"399":{"start":{"line":720,"column":27},"end":{"line":720,"column":104}},"400":{"start":{"line":721,"column":16},"end":{"line":721,"column":28}},"401":{"start":{"line":725,"column":12},"end":{"line":725,"column":72}},"402":{"start":{"line":725,"column":23},"end":{"line":725,"column":72}},"403":{"start":{"line":726,"column":12},"end":{"line":729,"column":13}},"404":{"start":{"line":727,"column":16},"end":{"line":727,"column":97}},"405":{"start":{"line":727,"column":27},"end":{"line":727,"column":97}},"406":{"start":{"line":728,"column":16},"end":{"line":728,"column":28}},"407":{"start":{"line":732,"column":12},"end":{"line":732,"column":86}},"408":{"start":{"line":732,"column":23},"end":{"line":732,"column":86}},"409":{"start":{"line":733,"column":12},"end":{"line":733,"column":25}},"410":{"start":{"line":736,"column":22},"end":{"line":736,"column":90}},"411":{"start":{"line":739,"column":26},"end":{"line":797,"column":9}},"412":{"start":{"line":743,"column":34},"end":{"line":743,"column":62}},"413":{"start":{"line":744,"column":20},"end":{"line":744,"column":78}},"414":{"start":{"line":745,"column":20},"end":{"line":745,"column":33}},"415":{"start":{"line":748,"column":20},"end":{"line":748,"column":88}},"416":{"start":{"line":749,"column":20},"end":{"line":749,"column":72}},"417":{"start":{"line":750,"column":20},"end":{"line":750,"column":41}},"418":{"start":{"line":751,"column":20},"end":{"line":751,"column":48}},"419":{"start":{"line":752,"column":20},"end":{"line":754,"column":21}},"420":{"start":{"line":753,"column":24},"end":{"line":753,"column":70}},"421":{"start":{"line":755,"column":20},"end":{"line":755,"column":32}},"422":{"start":{"line":760,"column":16},"end":{"line":760,"column":45}},"423":{"start":{"line":761,"column":16},"end":{"line":761,"column":33}},"424":{"start":{"line":762,"column":16},"end":{"line":762,"column":65}},"425":{"start":{"line":763,"column":16},"end":{"line":787,"column":17}},"426":{"start":{"line":764,"column":37},"end":{"line":764,"column":77}},"427":{"start":{"line":765,"column":20},"end":{"line":765,"column":58}},"428":{"start":{"line":766,"column":20},"end":{"line":778,"column":23}},"429":{"start":{"line":767,"column":24},"end":{"line":767,"column":69}},"430":{"start":{"line":768,"column":24},"end":{"line":777,"column":25}},"431":{"start":{"line":769,"column":28},"end":{"line":769,"column":71}},"432":{"start":{"line":770,"column":28},"end":{"line":776,"column":31}},"433":{"start":{"line":771,"column":32},"end":{"line":775,"column":33}},"434":{"start":{"line":772,"column":36},"end":{"line":772,"column":116}},"435":{"start":{"line":774,"column":36},"end":{"line":774,"column":88}},"436":{"start":{"line":779,"column":20},"end":{"line":786,"column":23}},"437":{"start":{"line":780,"column":24},"end":{"line":785,"column":25}},"438":{"start":{"line":781,"column":28},"end":{"line":781,"column":83}},"439":{"start":{"line":782,"column":28},"end":{"line":782,"column":47}},"440":{"start":{"line":784,"column":28},"end":{"line":784,"column":76}},"441":{"start":{"line":789,"column":16},"end":{"line":789,"column":66}},"442":{"start":{"line":791,"column":16},"end":{"line":795,"column":17}},"443":{"start":{"line":792,"column":20},"end":{"line":792,"column":46}},"444":{"start":{"line":794,"column":20},"end":{"line":794,"column":124}},"445":{"start":{"line":800,"column":28},"end":{"line":800,"column":68}},"446":{"start":{"line":804,"column":8},"end":{"line":839,"column":11}},"447":{"start":{"line":805,"column":12},"end":{"line":809,"column":13}},"448":{"start":{"line":806,"column":16},"end":{"line":806,"column":98}},"449":{"start":{"line":807,"column":16},"end":{"line":807,"column":36}},"450":{"start":{"line":808,"column":16},"end":{"line":808,"column":23}},"451":{"start":{"line":810,"column":12},"end":{"line":838,"column":13}},"452":{"start":{"line":813,"column":16},"end":{"line":813,"column":67}},"453":{"start":{"line":813,"column":27},"end":{"line":813,"column":67}},"454":{"start":{"line":815,"column":16},"end":{"line":815,"column":102}},"455":{"start":{"line":815,"column":27},"end":{"line":815,"column":102}},"456":{"start":{"line":816,"column":16},"end":{"line":816,"column":102}},"457":{"start":{"line":816,"column":27},"end":{"line":816,"column":102}},"458":{"start":{"line":817,"column":16},"end":{"line":817,"column":137}},"459":{"start":{"line":817,"column":27},"end":{"line":817,"column":137}},"460":{"start":{"line":819,"column":29},"end":{"line":819,"column":54}},"461":{"start":{"line":820,"column":16},"end":{"line":820,"column":238}},"462":{"start":{"line":821,"column":16},"end":{"line":832,"column":19}},"463":{"start":{"line":822,"column":20},"end":{"line":831,"column":21}},"464":{"start":{"line":823,"column":24},"end":{"line":823,"column":54}},"465":{"start":{"line":824,"column":24},"end":{"line":824,"column":99}},"466":{"start":{"line":825,"column":24},"end":{"line":825,"column":43}},"467":{"start":{"line":827,"column":24},"end":{"line":829,"column":25}},"468":{"start":{"line":828,"column":28},"end":{"line":828,"column":86}},"469":{"start":{"line":830,"column":24},"end":{"line":830,"column":44}},"470":{"start":{"line":836,"column":16},"end":{"line":836,"column":67}},"471":{"start":{"line":836,"column":27},"end":{"line":836,"column":67}},"472":{"start":{"line":837,"column":16},"end":{"line":837,"column":48}},"473":{"start":{"line":842,"column":22},"end":{"line":842,"column":77}},"474":{"start":{"line":843,"column":0},"end":{"line":843,"column":38}}},"fnMap":{"0":{"name":"(anonymous_0)","decl":{"start":{"line":21,"column":30},"end":{"line":21,"column":31}},"loc":{"start":{"line":21,"column":64},"end":{"line":34,"column":1}},"line":21},"1":{"name":"(anonymous_1)","decl":{"start":{"line":23,"column":31},"end":{"line":23,"column":32}},"loc":{"start":{"line":23,"column":48},"end":{"line":33,"column":5}},"line":23},"2":{"name":"(anonymous_2)","decl":{"start":{"line":36,"column":25},"end":{"line":36,"column":26}},"loc":{"start":{"line":36,"column":78},"end":{"line":221,"column":1}},"line":36},"3":{"name":"(anonymous_3)","decl":{"start":{"line":60,"column":24},"end":{"line":60,"column":25}},"loc":{"start":{"line":60,"column":50},"end":{"line":74,"column":5}},"line":60},"4":{"name":"(anonymous_4)","decl":{"start":{"line":75,"column":24},"end":{"line":75,"column":25}},"loc":{"start":{"line":75,"column":50},"end":{"line":91,"column":5}},"line":75},"5":{"name":"(anonymous_5)","decl":{"start":{"line":77,"column":34},"end":{"line":77,"column":35}},"loc":{"start":{"line":77,"column":55},"end":{"line":90,"column":9}},"line":77},"6":{"name":"(anonymous_6)","decl":{"start":{"line":94,"column":27},"end":{"line":94,"column":28}},"loc":{"start":{"line":94,"column":54},"end":{"line":198,"column":5}},"line":94},"7":{"name":"(anonymous_7)","decl":{"start":{"line":112,"column":28},"end":{"line":112,"column":29}},"loc":{"start":{"line":112,"column":48},"end":{"line":192,"column":13}},"line":112},"8":{"name":"(anonymous_8)","decl":{"start":{"line":118,"column":28},"end":{"line":118,"column":29}},"loc":{"start":{"line":118,"column":40},"end":{"line":119,"column":17}},"line":118},"9":{"name":"(anonymous_9)","decl":{"start":{"line":122,"column":27},"end":{"line":122,"column":28}},"loc":{"start":{"line":122,"column":52},"end":{"line":163,"column":17}},"line":122},"10":{"name":"(anonymous_10)","decl":{"start":{"line":124,"column":54},"end":{"line":124,"column":55}},"loc":{"start":{"line":124,"column":79},"end":{"line":162,"column":21}},"line":124},"11":{"name":"(anonymous_11)","decl":{"start":{"line":147,"column":28},"end":{"line":147,"column":29}},"loc":{"start":{"line":147,"column":52},"end":{"line":150,"column":29}},"line":147},"12":{"name":"(anonymous_12)","decl":{"start":{"line":151,"column":28},"end":{"line":151,"column":29}},"loc":{"start":{"line":151,"column":53},"end":{"line":161,"column":29}},"line":151},"13":{"name":"(anonymous_13)","decl":{"start":{"line":168,"column":34},"end":{"line":168,"column":35}},"loc":{"start":{"line":168,"column":54},"end":{"line":172,"column":25}},"line":168},"14":{"name":"(anonymous_14)","decl":{"start":{"line":173,"column":37},"end":{"line":173,"column":38}},"loc":{"start":{"line":173,"column":52},"end":{"line":179,"column":25}},"line":173},"15":{"name":"(anonymous_15)","decl":{"start":{"line":181,"column":20},"end":{"line":181,"column":21}},"loc":{"start":{"line":181,"column":34},"end":{"line":183,"column":21}},"line":181},"16":{"name":"(anonymous_16)","decl":{"start":{"line":187,"column":29},"end":{"line":187,"column":30}},"loc":{"start":{"line":187,"column":58},"end":{"line":190,"column":17}},"line":187},"17":{"name":"(anonymous_17)","decl":{"start":{"line":194,"column":58},"end":{"line":194,"column":59}},"loc":{"start":{"line":194,"column":84},"end":{"line":196,"column":13}},"line":194},"18":{"name":"(anonymous_18)","decl":{"start":{"line":204,"column":12},"end":{"line":204,"column":13}},"loc":{"start":{"line":204,"column":37},"end":{"line":210,"column":13}},"line":204},"19":{"name":"(anonymous_19)","decl":{"start":{"line":206,"column":20},"end":{"line":206,"column":21}},"loc":{"start":{"line":206,"column":45},"end":{"line":209,"column":21}},"line":206},"20":{"name":"(anonymous_20)","decl":{"start":{"line":212,"column":8},"end":{"line":212,"column":9}},"loc":{"start":{"line":212,"column":32},"end":{"line":219,"column":9}},"line":212},"21":{"name":"processFeatureTypes","decl":{"start":{"line":223,"column":15},"end":{"line":223,"column":34}},"loc":{"start":{"line":223,"column":84},"end":{"line":233,"column":1}},"line":223},"22":{"name":"(anonymous_22)","decl":{"start":{"line":235,"column":48},"end":{"line":235,"column":49}},"loc":{"start":{"line":235,"column":83},"end":{"line":463,"column":1}},"line":235},"23":{"name":"(anonymous_23)","decl":{"start":{"line":296,"column":41},"end":{"line":296,"column":42}},"loc":{"start":{"line":296,"column":54},"end":{"line":298,"column":5}},"line":296},"24":{"name":"(anonymous_24)","decl":{"start":{"line":311,"column":58},"end":{"line":311,"column":59}},"loc":{"start":{"line":311,"column":71},"end":{"line":313,"column":5}},"line":311},"25":{"name":"(anonymous_25)","decl":{"start":{"line":323,"column":94},"end":{"line":323,"column":95}},"loc":{"start":{"line":323,"column":107},"end":{"line":325,"column":5}},"line":323},"26":{"name":"(anonymous_26)","decl":{"start":{"line":328,"column":19},"end":{"line":328,"column":20}},"loc":{"start":{"line":328,"column":32},"end":{"line":336,"column":5}},"line":328},"27":{"name":"(anonymous_27)","decl":{"start":{"line":339,"column":42},"end":{"line":339,"column":43}},"loc":{"start":{"line":339,"column":66},"end":{"line":345,"column":5}},"line":339},"28":{"name":"(anonymous_28)","decl":{"start":{"line":434,"column":46},"end":{"line":434,"column":47}},"loc":{"start":{"line":434,"column":70},"end":{"line":440,"column":5}},"line":434},"29":{"name":"(anonymous_29)","decl":{"start":{"line":449,"column":43},"end":{"line":449,"column":44}},"loc":{"start":{"line":449,"column":56},"end":{"line":458,"column":9}},"line":449},"30":{"name":"(anonymous_30)","decl":{"start":{"line":465,"column":56},"end":{"line":465,"column":57}},"loc":{"start":{"line":465,"column":95},"end":{"line":501,"column":1}},"line":465},"31":{"name":"(anonymous_31)","decl":{"start":{"line":473,"column":12},"end":{"line":473,"column":13}},"loc":{"start":{"line":473,"column":56},"end":{"line":484,"column":13}},"line":473},"32":{"name":"(anonymous_32)","decl":{"start":{"line":486,"column":8},"end":{"line":486,"column":9}},"loc":{"start":{"line":487,"column":23},"end":{"line":497,"column":9}},"line":487},"33":{"name":"(anonymous_33)","decl":{"start":{"line":494,"column":27},"end":{"line":494,"column":28}},"loc":{"start":{"line":494,"column":39},"end":{"line":496,"column":13}},"line":494},"34":{"name":"(anonymous_34)","decl":{"start":{"line":503,"column":54},"end":{"line":503,"column":55}},"loc":{"start":{"line":503,"column":87},"end":{"line":511,"column":1}},"line":503},"35":{"name":"(anonymous_35)","decl":{"start":{"line":507,"column":21},"end":{"line":507,"column":22}},"loc":{"start":{"line":507,"column":42},"end":{"line":510,"column":5}},"line":507},"36":{"name":"cacheKmap","decl":{"start":{"line":520,"column":50},"end":{"line":520,"column":59}},"loc":{"start":{"line":520,"column":80},"end":{"line":570,"column":1}},"line":520},"37":{"name":"(anonymous_37)","decl":{"start":{"line":572,"column":19},"end":{"line":572,"column":20}},"loc":{"start":{"line":572,"column":32},"end":{"line":588,"column":1}},"line":572},"38":{"name":"(anonymous_38)","decl":{"start":{"line":590,"column":19},"end":{"line":590,"column":20}},"loc":{"start":{"line":590,"column":38},"end":{"line":600,"column":1}},"line":590},"39":{"name":"(anonymous_39)","decl":{"start":{"line":602,"column":22},"end":{"line":602,"column":23}},"loc":{"start":{"line":602,"column":55},"end":{"line":631,"column":1}},"line":602},"40":{"name":"getRetryAssetQueryFunction","decl":{"start":{"line":633,"column":9},"end":{"line":633,"column":35}},"loc":{"start":{"line":633,"column":50},"end":{"line":655,"column":1}},"line":633},"41":{"name":"(anonymous_41)","decl":{"start":{"line":636,"column":22},"end":{"line":636,"column":23}},"loc":{"start":{"line":636,"column":42},"end":{"line":640,"column":13}},"line":636},"42":{"name":"(anonymous_42)","decl":{"start":{"line":641,"column":25},"end":{"line":641,"column":26}},"loc":{"start":{"line":641,"column":40},"end":{"line":647,"column":13}},"line":641},"43":{"name":"(anonymous_43)","decl":{"start":{"line":649,"column":8},"end":{"line":649,"column":9}},"loc":{"start":{"line":649,"column":29},"end":{"line":653,"column":9}},"line":649},"44":{"name":"(anonymous_44)","decl":{"start":{"line":650,"column":46},"end":{"line":650,"column":47}},"loc":{"start":{"line":650,"column":67},"end":{"line":652,"column":13}},"line":650},"45":{"name":"(anonymous_45)","decl":{"start":{"line":658,"column":4},"end":{"line":658,"column":5}},"loc":{"start":{"line":658,"column":67},"end":{"line":840,"column":5}},"line":658},"46":{"name":"(anonymous_46)","decl":{"start":{"line":669,"column":32},"end":{"line":669,"column":33}},"loc":{"start":{"line":669,"column":52},"end":{"line":689,"column":9}},"line":669},"47":{"name":"(anonymous_47)","decl":{"start":{"line":692,"column":26},"end":{"line":692,"column":27}},"loc":{"start":{"line":692,"column":52},"end":{"line":734,"column":9}},"line":692},"48":{"name":"(anonymous_48)","decl":{"start":{"line":742,"column":26},"end":{"line":742,"column":27}},"loc":{"start":{"line":742,"column":46},"end":{"line":746,"column":17}},"line":742},"49":{"name":"(anonymous_49)","decl":{"start":{"line":747,"column":29},"end":{"line":747,"column":30}},"loc":{"start":{"line":747,"column":44},"end":{"line":756,"column":17}},"line":747},"50":{"name":"(anonymous_50)","decl":{"start":{"line":758,"column":12},"end":{"line":758,"column":13}},"loc":{"start":{"line":758,"column":37},"end":{"line":796,"column":13}},"line":758},"51":{"name":"(anonymous_51)","decl":{"start":{"line":766,"column":52},"end":{"line":766,"column":53}},"loc":{"start":{"line":766,"column":64},"end":{"line":778,"column":21}},"line":766},"52":{"name":"(anonymous_52)","decl":{"start":{"line":770,"column":53},"end":{"line":770,"column":54}},"loc":{"start":{"line":770,"column":67},"end":{"line":776,"column":29}},"line":770},"53":{"name":"(anonymous_53)","decl":{"start":{"line":779,"column":82},"end":{"line":779,"column":83}},"loc":{"start":{"line":779,"column":96},"end":{"line":786,"column":21}},"line":779},"54":{"name":"(anonymous_54)","decl":{"start":{"line":804,"column":27},"end":{"line":804,"column":28}},"loc":{"start":{"line":804,"column":52},"end":{"line":839,"column":9}},"line":804},"55":{"name":"(anonymous_55)","decl":{"start":{"line":821,"column":35},"end":{"line":821,"column":36}},"loc":{"start":{"line":821,"column":55},"end":{"line":832,"column":17}},"line":821}},"branchMap":{"0":{"loc":{"start":{"line":19,"column":23},"end":{"line":19,"column":63}},"type":"binary-expr","locations":[{"start":{"line":19,"column":23},"end":{"line":19,"column":49}},{"start":{"line":19,"column":53},"end":{"line":19,"column":63}}],"line":19},"1":{"loc":{"start":{"line":22,"column":4},"end":{"line":22,"column":62}},"type":"if","locations":[{"start":{"line":22,"column":4},"end":{"line":22,"column":62}},{"start":{"line":22,"column":4},"end":{"line":22,"column":62}}],"line":22},"2":{"loc":{"start":{"line":24,"column":8},"end":{"line":24,"column":122}},"type":"if","locations":[{"start":{"line":24,"column":8},"end":{"line":24,"column":122}},{"start":{"line":24,"column":8},"end":{"line":24,"column":122}}],"line":24},"3":{"loc":{"start":{"line":26,"column":8},"end":{"line":31,"column":9}},"type":"if","locations":[{"start":{"line":26,"column":8},"end":{"line":31,"column":9}},{"start":{"line":26,"column":8},"end":{"line":31,"column":9}}],"line":26},"4":{"loc":{"start":{"line":28,"column":12},"end":{"line":28,"column":70}},"type":"if","locations":[{"start":{"line":28,"column":12},"end":{"line":28,"column":70}},{"start":{"line":28,"column":12},"end":{"line":28,"column":70}}],"line":28},"5":{"loc":{"start":{"line":30,"column":12},"end":{"line":30,"column":72}},"type":"if","locations":[{"start":{"line":30,"column":12},"end":{"line":30,"column":72}},{"start":{"line":30,"column":12},"end":{"line":30,"column":72}}],"line":30},"6":{"loc":{"start":{"line":38,"column":4},"end":{"line":42,"column":8}},"type":"if","locations":[{"start":{"line":38,"column":4},"end":{"line":42,"column":8}},{"start":{"line":38,"column":4},"end":{"line":42,"column":8}}],"line":38},"7":{"loc":{"start":{"line":46,"column":4},"end":{"line":48,"column":5}},"type":"if","locations":[{"start":{"line":46,"column":4},"end":{"line":48,"column":5}},{"start":{"line":46,"column":4},"end":{"line":48,"column":5}}],"line":46},"8":{"loc":{"start":{"line":56,"column":4},"end":{"line":59,"column":5}},"type":"if","locations":[{"start":{"line":56,"column":4},"end":{"line":59,"column":5}},{"start":{"line":56,"column":4},"end":{"line":59,"column":5}}],"line":56},"9":{"loc":{"start":{"line":61,"column":8},"end":{"line":61,"column":80}},"type":"if","locations":[{"start":{"line":61,"column":8},"end":{"line":61,"column":80}},{"start":{"line":61,"column":8},"end":{"line":61,"column":80}}],"line":61},"10":{"loc":{"start":{"line":68,"column":12},"end":{"line":71,"column":13}},"type":"if","locations":[{"start":{"line":68,"column":12},"end":{"line":71,"column":13}},{"start":{"line":68,"column":12},"end":{"line":71,"column":13}}],"line":68},"11":{"loc":{"start":{"line":69,"column":16},"end":{"line":69,"column":83}},"type":"if","locations":[{"start":{"line":69,"column":16},"end":{"line":69,"column":83}},{"start":{"line":69,"column":16},"end":{"line":69,"column":83}}],"line":69},"12":{"loc":{"start":{"line":76,"column":8},"end":{"line":76,"column":81}},"type":"if","locations":[{"start":{"line":76,"column":8},"end":{"line":76,"column":81}},{"start":{"line":76,"column":8},"end":{"line":76,"column":81}}],"line":76},"13":{"loc":{"start":{"line":78,"column":12},"end":{"line":88,"column":13}},"type":"if","locations":[{"start":{"line":78,"column":12},"end":{"line":88,"column":13}},{"start":{"line":78,"column":12},"end":{"line":88,"column":13}}],"line":78},"14":{"loc":{"start":{"line":82,"column":16},"end":{"line":87,"column":17}},"type":"if","locations":[{"start":{"line":82,"column":16},"end":{"line":87,"column":17}},{"start":{"line":82,"column":16},"end":{"line":87,"column":17}}],"line":82},"15":{"loc":{"start":{"line":101,"column":8},"end":{"line":103,"column":9}},"type":"if","locations":[{"start":{"line":101,"column":8},"end":{"line":103,"column":9}},{"start":{"line":101,"column":8},"end":{"line":103,"column":9}}],"line":101},"16":{"loc":{"start":{"line":105,"column":8},"end":{"line":197,"column":9}},"type":"if","locations":[{"start":{"line":105,"column":8},"end":{"line":197,"column":9}},{"start":{"line":105,"column":8},"end":{"line":197,"column":9}}],"line":105},"17":{"loc":{"start":{"line":110,"column":12},"end":{"line":110,"column":93}},"type":"if","locations":[{"start":{"line":110,"column":12},"end":{"line":110,"column":93}},{"start":{"line":110,"column":12},"end":{"line":110,"column":93}}],"line":110},"18":{"loc":{"start":{"line":125,"column":24},"end":{"line":138,"column":25}},"type":"if","locations":[{"start":{"line":125,"column":24},"end":{"line":138,"column":25}},{"start":{"line":125,"column":24},"end":{"line":138,"column":25}}],"line":125},"19":{"loc":{"start":{"line":131,"column":28},"end":{"line":137,"column":29}},"type":"if","locations":[{"start":{"line":131,"column":28},"end":{"line":137,"column":29}},{"start":{"line":131,"column":28},"end":{"line":137,"column":29}}],"line":131},"20":{"loc":{"start":{"line":152,"column":32},"end":{"line":159,"column":33}},"type":"if","locations":[{"start":{"line":152,"column":32},"end":{"line":159,"column":33}},{"start":{"line":152,"column":32},"end":{"line":159,"column":33}}],"line":152},"21":{"loc":{"start":{"line":152,"column":36},"end":{"line":152,"column":63}},"type":"binary-expr","locations":[{"start":{"line":152,"column":36},"end":{"line":152,"column":44}},{"start":{"line":152,"column":48},"end":{"line":152,"column":63}}],"line":152},"22":{"loc":{"start":{"line":153,"column":36},"end":{"line":155,"column":37}},"type":"if","locations":[{"start":{"line":153,"column":36},"end":{"line":155,"column":37}},{"start":{"line":153,"column":36},"end":{"line":155,"column":37}}],"line":153},"23":{"loc":{"start":{"line":175,"column":28},"end":{"line":177,"column":29}},"type":"if","locations":[{"start":{"line":175,"column":28},"end":{"line":177,"column":29}},{"start":{"line":175,"column":28},"end":{"line":177,"column":29}}],"line":175},"24":{"loc":{"start":{"line":188,"column":20},"end":{"line":188,"column":83}},"type":"if","locations":[{"start":{"line":188,"column":20},"end":{"line":188,"column":83}},{"start":{"line":188,"column":20},"end":{"line":188,"column":83}}],"line":188},"25":{"loc":{"start":{"line":213,"column":12},"end":{"line":213,"column":58}},"type":"if","locations":[{"start":{"line":213,"column":12},"end":{"line":213,"column":58}},{"start":{"line":213,"column":12},"end":{"line":213,"column":58}}],"line":213},"26":{"loc":{"start":{"line":214,"column":12},"end":{"line":216,"column":13}},"type":"if","locations":[{"start":{"line":214,"column":12},"end":{"line":216,"column":13}},{"start":{"line":214,"column":12},"end":{"line":216,"column":13}}],"line":214},"27":{"loc":{"start":{"line":225,"column":4},"end":{"line":231,"column":5}},"type":"if","locations":[{"start":{"line":225,"column":4},"end":{"line":231,"column":5}},{"start":{"line":225,"column":4},"end":{"line":231,"column":5}}],"line":225},"28":{"loc":{"start":{"line":225,"column":8},"end":{"line":225,"column":64}},"type":"binary-expr","locations":[{"start":{"line":225,"column":8},"end":{"line":225,"column":27}},{"start":{"line":225,"column":31},"end":{"line":225,"column":44}},{"start":{"line":225,"column":48},"end":{"line":225,"column":64}}],"line":225},"29":{"loc":{"start":{"line":251,"column":4},"end":{"line":254,"column":5}},"type":"if","locations":[{"start":{"line":251,"column":4},"end":{"line":254,"column":5}},{"start":{"line":251,"column":4},"end":{"line":254,"column":5}}],"line":251},"30":{"loc":{"start":{"line":257,"column":4},"end":{"line":257,"column":60}},"type":"if","locations":[{"start":{"line":257,"column":4},"end":{"line":257,"column":60}},{"start":{"line":257,"column":4},"end":{"line":257,"column":60}}],"line":257},"31":{"loc":{"start":{"line":261,"column":4},"end":{"line":261,"column":59}},"type":"if","locations":[{"start":{"line":261,"column":4},"end":{"line":261,"column":59}},{"start":{"line":261,"column":4},"end":{"line":261,"column":59}}],"line":261},"32":{"loc":{"start":{"line":264,"column":4},"end":{"line":266,"column":5}},"type":"if","locations":[{"start":{"line":264,"column":4},"end":{"line":266,"column":5}},{"start":{"line":264,"column":4},"end":{"line":266,"column":5}}],"line":264},"33":{"loc":{"start":{"line":270,"column":4},"end":{"line":274,"column":5}},"type":"if","locations":[{"start":{"line":270,"column":4},"end":{"line":274,"column":5}},{"start":{"line":270,"column":4},"end":{"line":274,"column":5}}],"line":270},"34":{"loc":{"start":{"line":272,"column":11},"end":{"line":274,"column":5}},"type":"if","locations":[{"start":{"line":272,"column":11},"end":{"line":274,"column":5}},{"start":{"line":272,"column":11},"end":{"line":274,"column":5}}],"line":272},"35":{"loc":{"start":{"line":279,"column":4},"end":{"line":281,"column":5}},"type":"if","locations":[{"start":{"line":279,"column":4},"end":{"line":281,"column":5}},{"start":{"line":279,"column":4},"end":{"line":281,"column":5}}],"line":279},"36":{"loc":{"start":{"line":284,"column":4},"end":{"line":286,"column":5}},"type":"if","locations":[{"start":{"line":284,"column":4},"end":{"line":286,"column":5}},{"start":{"line":284,"column":4},"end":{"line":286,"column":5}}],"line":284},"37":{"loc":{"start":{"line":288,"column":4},"end":{"line":290,"column":5}},"type":"if","locations":[{"start":{"line":288,"column":4},"end":{"line":290,"column":5}},{"start":{"line":288,"column":4},"end":{"line":290,"column":5}}],"line":288},"38":{"loc":{"start":{"line":288,"column":8},"end":{"line":288,"column":64}},"type":"binary-expr","locations":[{"start":{"line":288,"column":8},"end":{"line":288,"column":40}},{"start":{"line":288,"column":44},"end":{"line":288,"column":64}}],"line":288},"39":{"loc":{"start":{"line":292,"column":4},"end":{"line":294,"column":5}},"type":"if","locations":[{"start":{"line":292,"column":4},"end":{"line":294,"column":5}},{"start":{"line":292,"column":4},"end":{"line":294,"column":5}}],"line":292},"40":{"loc":{"start":{"line":292,"column":8},"end":{"line":292,"column":78}},"type":"binary-expr","locations":[{"start":{"line":292,"column":8},"end":{"line":292,"column":43}},{"start":{"line":292,"column":47},"end":{"line":292,"column":78}}],"line":292},"41":{"loc":{"start":{"line":299,"column":23},"end":{"line":299,"column":78}},"type":"cond-expr","locations":[{"start":{"line":299,"column":46},"end":{"line":299,"column":73}},{"start":{"line":299,"column":76},"end":{"line":299,"column":78}}],"line":299},"42":{"loc":{"start":{"line":301,"column":4},"end":{"line":309,"column":5}},"type":"if","locations":[{"start":{"line":301,"column":4},"end":{"line":309,"column":5}},{"start":{"line":301,"column":4},"end":{"line":309,"column":5}}],"line":301},"43":{"loc":{"start":{"line":302,"column":8},"end":{"line":307,"column":9}},"type":"if","locations":[{"start":{"line":302,"column":8},"end":{"line":307,"column":9}},{"start":{"line":302,"column":8},"end":{"line":307,"column":9}}],"line":302},"44":{"loc":{"start":{"line":315,"column":4},"end":{"line":321,"column":6}},"type":"if","locations":[{"start":{"line":315,"column":4},"end":{"line":321,"column":6}},{"start":{"line":315,"column":4},"end":{"line":321,"column":6}}],"line":315},"45":{"loc":{"start":{"line":329,"column":8},"end":{"line":335,"column":9}},"type":"if","locations":[{"start":{"line":329,"column":8},"end":{"line":335,"column":9}},{"start":{"line":329,"column":8},"end":{"line":335,"column":9}}],"line":329},"46":{"loc":{"start":{"line":331,"column":15},"end":{"line":335,"column":9}},"type":"if","locations":[{"start":{"line":331,"column":15},"end":{"line":335,"column":9}},{"start":{"line":331,"column":15},"end":{"line":335,"column":9}}],"line":331},"47":{"loc":{"start":{"line":333,"column":15},"end":{"line":335,"column":9}},"type":"if","locations":[{"start":{"line":333,"column":15},"end":{"line":335,"column":9}},{"start":{"line":333,"column":15},"end":{"line":335,"column":9}}],"line":333},"48":{"loc":{"start":{"line":341,"column":8},"end":{"line":343,"column":9}},"type":"if","locations":[{"start":{"line":341,"column":8},"end":{"line":343,"column":9}},{"start":{"line":341,"column":8},"end":{"line":343,"column":9}}],"line":341},"49":{"loc":{"start":{"line":341,"column":12},"end":{"line":341,"column":27}},"type":"binary-expr","locations":[{"start":{"line":341,"column":12},"end":{"line":341,"column":16}},{"start":{"line":341,"column":20},"end":{"line":341,"column":27}}],"line":341},"50":{"loc":{"start":{"line":349,"column":27},"end":{"line":349,"column":110}},"type":"cond-expr","locations":[{"start":{"line":349,"column":81},"end":{"line":349,"column":103}},{"start":{"line":349,"column":106},"end":{"line":349,"column":110}}],"line":349},"51":{"loc":{"start":{"line":349,"column":28},"end":{"line":349,"column":77}},"type":"binary-expr","locations":[{"start":{"line":349,"column":28},"end":{"line":349,"column":47}},{"start":{"line":349,"column":51},"end":{"line":349,"column":77}}],"line":349},"52":{"loc":{"start":{"line":350,"column":28},"end":{"line":350,"column":114}},"type":"cond-expr","locations":[{"start":{"line":350,"column":84},"end":{"line":350,"column":107}},{"start":{"line":350,"column":110},"end":{"line":350,"column":114}}],"line":350},"53":{"loc":{"start":{"line":350,"column":29},"end":{"line":350,"column":80}},"type":"binary-expr","locations":[{"start":{"line":350,"column":29},"end":{"line":350,"column":49}},{"start":{"line":350,"column":53},"end":{"line":350,"column":80}}],"line":350},"54":{"loc":{"start":{"line":351,"column":29},"end":{"line":351,"column":100}},"type":"cond-expr","locations":[{"start":{"line":351,"column":77},"end":{"line":351,"column":93}},{"start":{"line":351,"column":96},"end":{"line":351,"column":100}}],"line":351},"55":{"loc":{"start":{"line":351,"column":30},"end":{"line":351,"column":73}},"type":"binary-expr","locations":[{"start":{"line":351,"column":30},"end":{"line":351,"column":46}},{"start":{"line":351,"column":50},"end":{"line":351,"column":73}}],"line":351},"56":{"loc":{"start":{"line":399,"column":4},"end":{"line":399,"column":74}},"type":"if","locations":[{"start":{"line":399,"column":4},"end":{"line":399,"column":74}},{"start":{"line":399,"column":4},"end":{"line":399,"column":74}}],"line":399},"57":{"loc":{"start":{"line":402,"column":4},"end":{"line":402,"column":115}},"type":"if","locations":[{"start":{"line":402,"column":4},"end":{"line":402,"column":115}},{"start":{"line":402,"column":4},"end":{"line":402,"column":115}}],"line":402},"58":{"loc":{"start":{"line":403,"column":4},"end":{"line":403,"column":127}},"type":"if","locations":[{"start":{"line":403,"column":4},"end":{"line":403,"column":127}},{"start":{"line":403,"column":4},"end":{"line":403,"column":127}}],"line":403},"59":{"loc":{"start":{"line":404,"column":4},"end":{"line":404,"column":107}},"type":"if","locations":[{"start":{"line":404,"column":4},"end":{"line":404,"column":107}},{"start":{"line":404,"column":4},"end":{"line":404,"column":107}}],"line":404},"60":{"loc":{"start":{"line":405,"column":4},"end":{"line":405,"column":114}},"type":"if","locations":[{"start":{"line":405,"column":4},"end":{"line":405,"column":114}},{"start":{"line":405,"column":4},"end":{"line":405,"column":114}}],"line":405},"61":{"loc":{"start":{"line":406,"column":4},"end":{"line":406,"column":109}},"type":"if","locations":[{"start":{"line":406,"column":4},"end":{"line":406,"column":109}},{"start":{"line":406,"column":4},"end":{"line":406,"column":109}}],"line":406},"62":{"loc":{"start":{"line":407,"column":4},"end":{"line":407,"column":118}},"type":"if","locations":[{"start":{"line":407,"column":4},"end":{"line":407,"column":118}},{"start":{"line":407,"column":4},"end":{"line":407,"column":118}}],"line":407},"63":{"loc":{"start":{"line":408,"column":4},"end":{"line":408,"column":108}},"type":"if","locations":[{"start":{"line":408,"column":4},"end":{"line":408,"column":108}},{"start":{"line":408,"column":4},"end":{"line":408,"column":108}}],"line":408},"64":{"loc":{"start":{"line":411,"column":4},"end":{"line":413,"column":5}},"type":"if","locations":[{"start":{"line":411,"column":4},"end":{"line":413,"column":5}},{"start":{"line":411,"column":4},"end":{"line":413,"column":5}}],"line":411},"65":{"loc":{"start":{"line":417,"column":4},"end":{"line":419,"column":5}},"type":"if","locations":[{"start":{"line":417,"column":4},"end":{"line":419,"column":5}},{"start":{"line":417,"column":4},"end":{"line":419,"column":5}}],"line":417},"66":{"loc":{"start":{"line":420,"column":4},"end":{"line":422,"column":5}},"type":"if","locations":[{"start":{"line":420,"column":4},"end":{"line":422,"column":5}},{"start":{"line":420,"column":4},"end":{"line":422,"column":5}}],"line":420},"67":{"loc":{"start":{"line":420,"column":8},"end":{"line":420,"column":33}},"type":"binary-expr","locations":[{"start":{"line":420,"column":8},"end":{"line":420,"column":15}},{"start":{"line":420,"column":19},"end":{"line":420,"column":33}}],"line":420},"68":{"loc":{"start":{"line":426,"column":4},"end":{"line":428,"column":5}},"type":"if","locations":[{"start":{"line":426,"column":4},"end":{"line":428,"column":5}},{"start":{"line":426,"column":4},"end":{"line":428,"column":5}}],"line":426},"69":{"loc":{"start":{"line":429,"column":4},"end":{"line":431,"column":5}},"type":"if","locations":[{"start":{"line":429,"column":4},"end":{"line":431,"column":5}},{"start":{"line":429,"column":4},"end":{"line":431,"column":5}}],"line":429},"70":{"loc":{"start":{"line":429,"column":8},"end":{"line":429,"column":33}},"type":"binary-expr","locations":[{"start":{"line":429,"column":8},"end":{"line":429,"column":15}},{"start":{"line":429,"column":19},"end":{"line":429,"column":33}}],"line":429},"71":{"loc":{"start":{"line":436,"column":8},"end":{"line":438,"column":9}},"type":"if","locations":[{"start":{"line":436,"column":8},"end":{"line":438,"column":9}},{"start":{"line":436,"column":8},"end":{"line":438,"column":9}}],"line":436},"72":{"loc":{"start":{"line":436,"column":12},"end":{"line":436,"column":27}},"type":"binary-expr","locations":[{"start":{"line":436,"column":12},"end":{"line":436,"column":16}},{"start":{"line":436,"column":20},"end":{"line":436,"column":27}}],"line":436},"73":{"loc":{"start":{"line":442,"column":4},"end":{"line":442,"column":62}},"type":"if","locations":[{"start":{"line":442,"column":4},"end":{"line":442,"column":62}},{"start":{"line":442,"column":4},"end":{"line":442,"column":62}}],"line":442},"74":{"loc":{"start":{"line":444,"column":4},"end":{"line":459,"column":5}},"type":"if","locations":[{"start":{"line":444,"column":4},"end":{"line":459,"column":5}},{"start":{"line":444,"column":4},"end":{"line":459,"column":5}}],"line":444},"75":{"loc":{"start":{"line":451,"column":12},"end":{"line":457,"column":13}},"type":"if","locations":[{"start":{"line":451,"column":12},"end":{"line":457,"column":13}},{"start":{"line":451,"column":12},"end":{"line":457,"column":13}}],"line":451},"76":{"loc":{"start":{"line":478,"column":16},"end":{"line":480,"column":17}},"type":"if","locations":[{"start":{"line":478,"column":16},"end":{"line":480,"column":17}},{"start":{"line":478,"column":16},"end":{"line":480,"column":17}}],"line":478},"77":{"loc":{"start":{"line":489,"column":12},"end":{"line":489,"column":50}},"type":"if","locations":[{"start":{"line":489,"column":12},"end":{"line":489,"column":50}},{"start":{"line":489,"column":12},"end":{"line":489,"column":50}}],"line":489},"78":{"loc":{"start":{"line":491,"column":12},"end":{"line":493,"column":13}},"type":"if","locations":[{"start":{"line":491,"column":12},"end":{"line":493,"column":13}},{"start":{"line":491,"column":12},"end":{"line":493,"column":13}}],"line":491},"79":{"loc":{"start":{"line":522,"column":4},"end":{"line":525,"column":5}},"type":"if","locations":[{"start":{"line":522,"column":4},"end":{"line":525,"column":5}},{"start":{"line":522,"column":4},"end":{"line":525,"column":5}}],"line":522},"80":{"loc":{"start":{"line":527,"column":4},"end":{"line":530,"column":5}},"type":"if","locations":[{"start":{"line":527,"column":4},"end":{"line":530,"column":5}},{"start":{"line":527,"column":4},"end":{"line":530,"column":5}}],"line":527},"81":{"loc":{"start":{"line":532,"column":4},"end":{"line":535,"column":5}},"type":"if","locations":[{"start":{"line":532,"column":4},"end":{"line":535,"column":5}},{"start":{"line":532,"column":4},"end":{"line":535,"column":5}}],"line":532},"82":{"loc":{"start":{"line":542,"column":8},"end":{"line":550,"column":9}},"type":"if","locations":[{"start":{"line":542,"column":8},"end":{"line":550,"column":9}},{"start":{"line":542,"column":8},"end":{"line":550,"column":9}}],"line":542},"83":{"loc":{"start":{"line":547,"column":12},"end":{"line":549,"column":13}},"type":"if","locations":[{"start":{"line":547,"column":12},"end":{"line":549,"column":13}},{"start":{"line":547,"column":12},"end":{"line":549,"column":13}}],"line":547},"84":{"loc":{"start":{"line":547,"column":16},"end":{"line":547,"column":74}},"type":"binary-expr","locations":[{"start":{"line":547,"column":16},"end":{"line":547,"column":26}},{"start":{"line":547,"column":30},"end":{"line":547,"column":47}},{"start":{"line":547,"column":51},"end":{"line":547,"column":74}}],"line":547},"85":{"loc":{"start":{"line":554,"column":8},"end":{"line":567,"column":9}},"type":"if","locations":[{"start":{"line":554,"column":8},"end":{"line":567,"column":9}},{"start":{"line":554,"column":8},"end":{"line":567,"column":9}}],"line":554},"86":{"loc":{"start":{"line":555,"column":12},"end":{"line":560,"column":13}},"type":"if","locations":[{"start":{"line":555,"column":12},"end":{"line":560,"column":13}},{"start":{"line":555,"column":12},"end":{"line":560,"column":13}}],"line":555},"87":{"loc":{"start":{"line":565,"column":12},"end":{"line":565,"column":68}},"type":"if","locations":[{"start":{"line":565,"column":12},"end":{"line":565,"column":68}},{"start":{"line":565,"column":12},"end":{"line":565,"column":68}}],"line":565},"88":{"loc":{"start":{"line":578,"column":4},"end":{"line":586,"column":5}},"type":"if","locations":[{"start":{"line":578,"column":4},"end":{"line":586,"column":5}},{"start":{"line":578,"column":4},"end":{"line":586,"column":5}}],"line":578},"89":{"loc":{"start":{"line":580,"column":11},"end":{"line":586,"column":5}},"type":"if","locations":[{"start":{"line":580,"column":11},"end":{"line":586,"column":5}},{"start":{"line":580,"column":11},"end":{"line":586,"column":5}}],"line":580},"90":{"loc":{"start":{"line":582,"column":11},"end":{"line":586,"column":5}},"type":"if","locations":[{"start":{"line":582,"column":11},"end":{"line":586,"column":5}},{"start":{"line":582,"column":11},"end":{"line":586,"column":5}}],"line":582},"91":{"loc":{"start":{"line":595,"column":8},"end":{"line":597,"column":9}},"type":"if","locations":[{"start":{"line":595,"column":8},"end":{"line":597,"column":9}},{"start":{"line":595,"column":8},"end":{"line":597,"column":9}}],"line":595},"92":{"loc":{"start":{"line":616,"column":8},"end":{"line":624,"column":9}},"type":"if","locations":[{"start":{"line":616,"column":8},"end":{"line":624,"column":9}},{"start":{"line":616,"column":8},"end":{"line":624,"column":9}}],"line":616},"93":{"loc":{"start":{"line":620,"column":12},"end":{"line":622,"column":13}},"type":"if","locations":[{"start":{"line":620,"column":12},"end":{"line":622,"column":13}},{"start":{"line":620,"column":12},"end":{"line":622,"column":13}}],"line":620},"94":{"loc":{"start":{"line":621,"column":16},"end":{"line":621,"column":100}},"type":"if","locations":[{"start":{"line":621,"column":16},"end":{"line":621,"column":100}},{"start":{"line":621,"column":16},"end":{"line":621,"column":100}}],"line":621},"95":{"loc":{"start":{"line":623,"column":19},"end":{"line":623,"column":57}},"type":"cond-expr","locations":[{"start":{"line":623,"column":36},"end":{"line":623,"column":51}},{"start":{"line":623,"column":54},"end":{"line":623,"column":57}}],"line":623},"96":{"loc":{"start":{"line":643,"column":16},"end":{"line":645,"column":17}},"type":"if","locations":[{"start":{"line":643,"column":16},"end":{"line":645,"column":17}},{"start":{"line":643,"column":16},"end":{"line":645,"column":17}}],"line":643},"97":{"loc":{"start":{"line":660,"column":8},"end":{"line":664,"column":9}},"type":"if","locations":[{"start":{"line":660,"column":8},"end":{"line":664,"column":9}},{"start":{"line":660,"column":8},"end":{"line":664,"column":9}}],"line":660},"98":{"loc":{"start":{"line":673,"column":12},"end":{"line":675,"column":13}},"type":"if","locations":[{"start":{"line":673,"column":12},"end":{"line":675,"column":13}},{"start":{"line":673,"column":12},"end":{"line":675,"column":13}}],"line":673},"99":{"loc":{"start":{"line":682,"column":12},"end":{"line":685,"column":13}},"type":"if","locations":[{"start":{"line":682,"column":12},"end":{"line":685,"column":13}},{"start":{"line":682,"column":12},"end":{"line":685,"column":13}}],"line":682},"100":{"loc":{"start":{"line":693,"column":12},"end":{"line":696,"column":13}},"type":"if","locations":[{"start":{"line":693,"column":12},"end":{"line":696,"column":13}},{"start":{"line":693,"column":12},"end":{"line":696,"column":13}}],"line":693},"101":{"loc":{"start":{"line":694,"column":16},"end":{"line":694,"column":71}},"type":"if","locations":[{"start":{"line":694,"column":16},"end":{"line":694,"column":71}},{"start":{"line":694,"column":16},"end":{"line":694,"column":71}}],"line":694},"102":{"loc":{"start":{"line":698,"column":12},"end":{"line":701,"column":13}},"type":"if","locations":[{"start":{"line":698,"column":12},"end":{"line":701,"column":13}},{"start":{"line":698,"column":12},"end":{"line":701,"column":13}}],"line":698},"103":{"loc":{"start":{"line":698,"column":16},"end":{"line":698,"column":59}},"type":"binary-expr","locations":[{"start":{"line":698,"column":16},"end":{"line":698,"column":23}},{"start":{"line":698,"column":27},"end":{"line":698,"column":59}}],"line":698},"104":{"loc":{"start":{"line":703,"column":12},"end":{"line":708,"column":13}},"type":"if","locations":[{"start":{"line":703,"column":12},"end":{"line":708,"column":13}},{"start":{"line":703,"column":12},"end":{"line":708,"column":13}}],"line":703},"105":{"loc":{"start":{"line":703,"column":16},"end":{"line":703,"column":59}},"type":"binary-expr","locations":[{"start":{"line":703,"column":16},"end":{"line":703,"column":23}},{"start":{"line":703,"column":27},"end":{"line":703,"column":59}}],"line":703},"106":{"loc":{"start":{"line":704,"column":16},"end":{"line":704,"column":79}},"type":"if","locations":[{"start":{"line":704,"column":16},"end":{"line":704,"column":79}},{"start":{"line":704,"column":16},"end":{"line":704,"column":79}}],"line":704},"107":{"loc":{"start":{"line":705,"column":16},"end":{"line":705,"column":117}},"type":"if","locations":[{"start":{"line":705,"column":16},"end":{"line":705,"column":117}},{"start":{"line":705,"column":16},"end":{"line":705,"column":117}}],"line":705},"108":{"loc":{"start":{"line":706,"column":16},"end":{"line":706,"column":74}},"type":"if","locations":[{"start":{"line":706,"column":16},"end":{"line":706,"column":74}},{"start":{"line":706,"column":16},"end":{"line":706,"column":74}}],"line":706},"109":{"loc":{"start":{"line":710,"column":12},"end":{"line":715,"column":13}},"type":"if","locations":[{"start":{"line":710,"column":12},"end":{"line":715,"column":13}},{"start":{"line":710,"column":12},"end":{"line":715,"column":13}}],"line":710},"110":{"loc":{"start":{"line":711,"column":16},"end":{"line":711,"column":109}},"type":"if","locations":[{"start":{"line":711,"column":16},"end":{"line":711,"column":109}},{"start":{"line":711,"column":16},"end":{"line":711,"column":109}}],"line":711},"111":{"loc":{"start":{"line":712,"column":16},"end":{"line":712,"column":109}},"type":"if","locations":[{"start":{"line":712,"column":16},"end":{"line":712,"column":109}},{"start":{"line":712,"column":16},"end":{"line":712,"column":109}}],"line":712},"112":{"loc":{"start":{"line":713,"column":16},"end":{"line":713,"column":101}},"type":"if","locations":[{"start":{"line":713,"column":16},"end":{"line":713,"column":101}},{"start":{"line":713,"column":16},"end":{"line":713,"column":101}}],"line":713},"113":{"loc":{"start":{"line":717,"column":12},"end":{"line":722,"column":13}},"type":"if","locations":[{"start":{"line":717,"column":12},"end":{"line":722,"column":13}},{"start":{"line":717,"column":12},"end":{"line":722,"column":13}}],"line":717},"114":{"loc":{"start":{"line":718,"column":16},"end":{"line":718,"column":111}},"type":"if","locations":[{"start":{"line":718,"column":16},"end":{"line":718,"column":111}},{"start":{"line":718,"column":16},"end":{"line":718,"column":111}}],"line":718},"115":{"loc":{"start":{"line":719,"column":16},"end":{"line":719,"column":111}},"type":"if","locations":[{"start":{"line":719,"column":16},"end":{"line":719,"column":111}},{"start":{"line":719,"column":16},"end":{"line":719,"column":111}}],"line":719},"116":{"loc":{"start":{"line":720,"column":16},"end":{"line":720,"column":104}},"type":"if","locations":[{"start":{"line":720,"column":16},"end":{"line":720,"column":104}},{"start":{"line":720,"column":16},"end":{"line":720,"column":104}}],"line":720},"117":{"loc":{"start":{"line":725,"column":12},"end":{"line":725,"column":72}},"type":"if","locations":[{"start":{"line":725,"column":12},"end":{"line":725,"column":72}},{"start":{"line":725,"column":12},"end":{"line":725,"column":72}}],"line":725},"118":{"loc":{"start":{"line":726,"column":12},"end":{"line":729,"column":13}},"type":"if","locations":[{"start":{"line":726,"column":12},"end":{"line":729,"column":13}},{"start":{"line":726,"column":12},"end":{"line":729,"column":13}}],"line":726},"119":{"loc":{"start":{"line":727,"column":16},"end":{"line":727,"column":97}},"type":"if","locations":[{"start":{"line":727,"column":16},"end":{"line":727,"column":97}},{"start":{"line":727,"column":16},"end":{"line":727,"column":97}}],"line":727},"120":{"loc":{"start":{"line":732,"column":12},"end":{"line":732,"column":86}},"type":"if","locations":[{"start":{"line":732,"column":12},"end":{"line":732,"column":86}},{"start":{"line":732,"column":12},"end":{"line":732,"column":86}}],"line":732},"121":{"loc":{"start":{"line":752,"column":20},"end":{"line":754,"column":21}},"type":"if","locations":[{"start":{"line":752,"column":20},"end":{"line":754,"column":21}},{"start":{"line":752,"column":20},"end":{"line":754,"column":21}}],"line":752},"122":{"loc":{"start":{"line":763,"column":16},"end":{"line":787,"column":17}},"type":"if","locations":[{"start":{"line":763,"column":16},"end":{"line":787,"column":17}},{"start":{"line":763,"column":16},"end":{"line":787,"column":17}}],"line":763},"123":{"loc":{"start":{"line":768,"column":24},"end":{"line":777,"column":25}},"type":"if","locations":[{"start":{"line":768,"column":24},"end":{"line":777,"column":25}},{"start":{"line":768,"column":24},"end":{"line":777,"column":25}}],"line":768},"124":{"loc":{"start":{"line":771,"column":32},"end":{"line":775,"column":33}},"type":"if","locations":[{"start":{"line":771,"column":32},"end":{"line":775,"column":33}},{"start":{"line":771,"column":32},"end":{"line":775,"column":33}}],"line":771},"125":{"loc":{"start":{"line":780,"column":24},"end":{"line":785,"column":25}},"type":"if","locations":[{"start":{"line":780,"column":24},"end":{"line":785,"column":25}},{"start":{"line":780,"column":24},"end":{"line":785,"column":25}}],"line":780},"126":{"loc":{"start":{"line":791,"column":16},"end":{"line":795,"column":17}},"type":"if","locations":[{"start":{"line":791,"column":16},"end":{"line":795,"column":17}},{"start":{"line":791,"column":16},"end":{"line":795,"column":17}}],"line":791},"127":{"loc":{"start":{"line":794,"column":32},"end":{"line":794,"column":122}},"type":"cond-expr","locations":[{"start":{"line":794,"column":70},"end":{"line":794,"column":76}},{"start":{"line":794,"column":77},"end":{"line":794,"column":122}}],"line":794},"128":{"loc":{"start":{"line":805,"column":12},"end":{"line":809,"column":13}},"type":"if","locations":[{"start":{"line":805,"column":12},"end":{"line":809,"column":13}},{"start":{"line":805,"column":12},"end":{"line":809,"column":13}}],"line":805},"129":{"loc":{"start":{"line":810,"column":12},"end":{"line":838,"column":13}},"type":"if","locations":[{"start":{"line":810,"column":12},"end":{"line":838,"column":13}},{"start":{"line":810,"column":12},"end":{"line":838,"column":13}}],"line":810},"130":{"loc":{"start":{"line":810,"column":16},"end":{"line":811,"column":94}},"type":"binary-expr","locations":[{"start":{"line":810,"column":16},"end":{"line":810,"column":49}},{"start":{"line":811,"column":17},"end":{"line":811,"column":44}},{"start":{"line":811,"column":48},"end":{"line":811,"column":93}}],"line":810},"131":{"loc":{"start":{"line":813,"column":16},"end":{"line":813,"column":67}},"type":"if","locations":[{"start":{"line":813,"column":16},"end":{"line":813,"column":67}},{"start":{"line":813,"column":16},"end":{"line":813,"column":67}}],"line":813},"132":{"loc":{"start":{"line":815,"column":16},"end":{"line":815,"column":102}},"type":"if","locations":[{"start":{"line":815,"column":16},"end":{"line":815,"column":102}},{"start":{"line":815,"column":16},"end":{"line":815,"column":102}}],"line":815},"133":{"loc":{"start":{"line":816,"column":16},"end":{"line":816,"column":102}},"type":"if","locations":[{"start":{"line":816,"column":16},"end":{"line":816,"column":102}},{"start":{"line":816,"column":16},"end":{"line":816,"column":102}}],"line":816},"134":{"loc":{"start":{"line":817,"column":16},"end":{"line":817,"column":137}},"type":"if","locations":[{"start":{"line":817,"column":16},"end":{"line":817,"column":137}},{"start":{"line":817,"column":16},"end":{"line":817,"column":137}}],"line":817},"135":{"loc":{"start":{"line":822,"column":20},"end":{"line":831,"column":21}},"type":"if","locations":[{"start":{"line":822,"column":20},"end":{"line":831,"column":21}},{"start":{"line":822,"column":20},"end":{"line":831,"column":21}}],"line":822},"136":{"loc":{"start":{"line":827,"column":24},"end":{"line":829,"column":25}},"type":"if","locations":[{"start":{"line":827,"column":24},"end":{"line":829,"column":25}},{"start":{"line":827,"column":24},"end":{"line":829,"column":25}}],"line":827},"137":{"loc":{"start":{"line":836,"column":16},"end":{"line":836,"column":67}},"type":"if","locations":[{"start":{"line":836,"column":16},"end":{"line":836,"column":67}},{"start":{"line":836,"column":16},"end":{"line":836,"column":67}}],"line":836}},"s":{"0":1,"1":1,"2":1,"3":1,"4":1,"5":1,"6":1,"7":1,"8":1,"9":1,"10":1,"11":1,"12":1,"13":1,"14":1,"15":1,"16":1,"17":1,"18":1,"19":0,"20":0,"21":0,"22":0,"23":0,"24":0,"25":0,"26":0,"27":0,"28":0,"29":0,"30":0,"31":0,"32":1,"33":24,"34":0,"35":24,"36":0,"37":24,"38":24,"39":0,"40":0,"41":24,"42":24,"43":0,"44":24,"45":24,"46":24,"47":144,"48":144,"49":0,"50":0,"51":0,"52":24,"53":24,"54":24,"55":0,"56":24,"57":24,"58":0,"59":0,"60":24,"61":0,"62":0,"63":0,"64":24,"65":24,"66":144,"67":144,"68":144,"69":144,"70":144,"71":0,"72":144,"73":27,"74":117,"75":0,"76":117,"77":117,"78":117,"79":117,"80":117,"81":117,"82":117,"83":117,"84":117,"85":117,"86":0,"87":0,"88":0,"89":0,"90":117,"91":0,"92":0,"93":0,"94":0,"95":117,"96":117,"97":117,"98":117,"99":117,"100":117,"101":0,"102":117,"103":0,"104":0,"105":0,"106":117,"107":117,"108":0,"109":0,"110":0,"111":0,"112":0,"113":0,"114":0,"115":117,"116":117,"117":117,"118":117,"119":0,"120":117,"121":117,"122":117,"123":117,"124":24,"125":24,"126":24,"127":24,"128":0,"129":24,"130":0,"131":24,"132":1,"133":1,"134":1,"135":1,"136":1,"137":1,"138":1,"139":1,"140":1,"141":1,"142":1,"143":1,"144":1,"145":1,"146":1,"147":1,"148":1,"149":1,"150":1,"151":1,"152":1,"153":1,"154":1,"155":1,"156":1,"157":1,"158":1,"159":0,"160":1,"161":1,"162":0,"163":1,"164":1,"165":1,"166":1,"167":1,"168":1,"169":0,"170":0,"171":1,"172":1,"173":1,"174":0,"175":1,"176":0,"177":1,"178":0,"179":1,"180":0,"181":1,"182":8,"183":1,"184":1,"185":1,"186":0,"187":0,"188":1,"189":1,"190":1,"191":1,"192":0,"193":1,"194":26,"195":1,"196":1,"197":13,"198":8,"199":5,"200":5,"201":0,"202":0,"203":1,"204":80,"205":80,"206":11,"207":80,"208":1,"209":1,"210":1,"211":1,"212":1,"213":1,"214":1,"215":1,"216":1,"217":1,"218":0,"219":1,"220":0,"221":1,"222":0,"223":1,"224":0,"225":1,"226":0,"227":1,"228":0,"229":1,"230":0,"231":1,"232":1,"233":0,"234":1,"235":1,"236":0,"237":1,"238":0,"239":1,"240":1,"241":1,"242":1,"243":1,"244":1,"245":80,"246":80,"247":1,"248":80,"249":1,"250":0,"251":1,"252":1,"253":1,"254":1,"255":1,"256":1,"257":1,"258":1,"259":1,"260":0,"261":0,"262":0,"263":0,"264":0,"265":0,"266":0,"267":0,"268":0,"269":0,"270":0,"271":1,"272":0,"273":0,"274":0,"275":0,"276":0,"277":1,"278":1,"279":1,"280":1,"281":2,"282":0,"283":2,"284":0,"285":2,"286":0,"287":0,"288":2,"289":2,"290":9,"291":9,"292":9,"293":9,"294":1,"295":8,"296":8,"297":8,"298":0,"299":9,"300":9,"301":9,"302":0,"303":0,"304":0,"305":9,"306":0,"307":0,"308":0,"309":1,"310":14,"311":14,"312":14,"313":14,"314":14,"315":9,"316":5,"317":5,"318":0,"319":0,"320":0,"321":14,"322":1,"323":1,"324":1,"325":1,"326":5,"327":5,"328":5,"329":5,"330":1,"331":1,"332":3,"333":3,"334":3,"335":18,"336":18,"337":18,"338":0,"339":0,"340":0,"341":0,"342":0,"343":18,"344":18,"345":3,"346":0,"347":0,"348":0,"349":0,"350":0,"351":0,"352":0,"353":0,"354":0,"355":0,"356":1,"357":0,"358":0,"359":0,"360":0,"361":0,"362":0,"363":0,"364":0,"365":0,"366":0,"367":0,"368":0,"369":0,"370":0,"371":0,"372":0,"373":0,"374":0,"375":0,"376":0,"377":0,"378":0,"379":0,"380":0,"381":0,"382":0,"383":0,"384":0,"385":0,"386":0,"387":0,"388":0,"389":0,"390":0,"391":0,"392":0,"393":0,"394":0,"395":0,"396":0,"397":0,"398":0,"399":0,"400":0,"401":0,"402":0,"403":0,"404":0,"405":0,"406":0,"407":0,"408":0,"409":0,"410":0,"411":0,"412":0,"413":0,"414":0,"415":0,"416":0,"417":0,"418":0,"419":0,"420":0,"421":0,"422":0,"423":0,"424":0,"425":0,"426":0,"427":0,"428":0,"429":0,"430":0,"431":0,"432":0,"433":0,"434":0,"435":0,"436":0,"437":0,"438":0,"439":0,"440":0,"441":0,"442":0,"443":0,"444":0,"445":0,"446":0,"447":0,"448":0,"449":0,"450":0,"451":0,"452":0,"453":0,"454":0,"455":0,"456":0,"457":0,"458":0,"459":0,"460":0,"461":0,"462":0,"463":0,"464":0,"465":0,"466":0,"467":0,"468":0,"469":0,"470":0,"471":0,"472":0,"473":1,"474":1},"f":{"0":0,"1":0,"2":24,"3":24,"4":24,"5":24,"6":144,"7":117,"8":0,"9":117,"10":117,"11":0,"12":117,"13":0,"14":0,"15":117,"16":117,"17":117,"18":24,"19":24,"20":24,"21":1,"22":1,"23":8,"24":1,"25":26,"26":13,"27":80,"28":80,"29":1,"30":0,"31":0,"32":0,"33":0,"34":0,"35":0,"36":2,"37":14,"38":1,"39":3,"40":0,"41":0,"42":0,"43":0,"44":0,"45":0,"46":0,"47":0,"48":0,"49":0,"50":0,"51":0,"52":0,"53":0,"54":0,"55":0},"b":{"0":[1,1],"1":[0,0],"2":[0,0],"3":[0,0],"4":[0,0],"5":[0,0],"6":[0,24],"7":[0,24],"8":[0,24],"9":[0,24],"10":[0,144],"11":[0,0],"12":[0,24],"13":[0,24],"14":[0,24],"15":[0,144],"16":[27,117],"17":[0,117],"18":[0,117],"19":[0,117],"20":[0,117],"21":[117,117],"22":[0,0],"23":[0,0],"24":[0,117],"25":[0,24],"26":[0,24],"27":[1,0],"28":[1,1,1],"29":[1,0],"30":[0,1],"31":[0,1],"32":[1,0],"33":[1,0],"34":[0,0],"35":[0,1],"36":[0,1],"37":[0,1],"38":[1,0],"39":[0,1],"40":[1,0],"41":[1,0],"42":[1,0],"43":[0,1],"44":[0,1],"45":[8,5],"46":[5,0],"47":[0,0],"48":[11,69],"49":[80,11],"50":[1,0],"51":[1,1],"52":[1,0],"53":[1,1],"54":[1,0],"55":[1,1],"56":[1,0],"57":[0,1],"58":[0,1],"59":[0,1],"60":[0,1],"61":[0,1],"62":[0,1],"63":[0,1],"64":[0,1],"65":[0,1],"66":[0,1],"67":[1,0],"68":[1,0],"69":[1,0],"70":[1,1],"71":[1,79],"72":[80,1],"73":[0,1],"74":[1,0],"75":[1,0],"76":[0,0],"77":[0,0],"78":[0,0],"79":[0,2],"80":[0,2],"81":[0,2],"82":[1,8],"83":[0,8],"84":[8,8,8],"85":[9,0],"86":[0,9],"87":[0,0],"88":[9,5],"89":[5,0],"90":[0,0],"91":[5,0],"92":[0,18],"93":[0,0],"94":[0,0],"95":[0,0],"96":[0,0],"97":[0,0],"98":[0,0],"99":[0,0],"100":[0,0],"101":[0,0],"102":[0,0],"103":[0,0],"104":[0,0],"105":[0,0],"106":[0,0],"107":[0,0],"108":[0,0],"109":[0,0],"110":[0,0],"111":[0,0],"112":[0,0],"113":[0,0],"114":[0,0],"115":[0,0],"116":[0,0],"117":[0,0],"118":[0,0],"119":[0,0],"120":[0,0],"121":[0,0],"122":[0,0],"123":[0,0],"124":[0,0],"125":[0,0],"126":[0,0],"127":[0,0],"128":[0,0],"129":[0,0],"130":[0,0,0],"131":[0,0],"132":[0,0],"133":[0,0],"134":[0,0],"135":[0,0],"136":[0,0],"137":[0,0]},"_coverageSchema":"43e27e138ebf9cfc5966b082cf9a028302ed4184","hash":"e67375677ad161491fa23a2164675934c1d5d5a8"}
,"/Users/ys2n/Code/kmaps-solr-sync/sync/processNames.js": {"path":"/Users/ys2n/Code/kmaps-solr-sync/sync/processNames.js","statementMap":{"0":{"start":{"line":1,"column":10},"end":{"line":1,"column":27}},"1":{"start":{"line":3,"column":22},"end":{"line":22,"column":1}},"2":{"start":{"line":6,"column":25},"end":{"line":8,"column":6}},"3":{"start":{"line":7,"column":8},"end":{"line":7,"column":40}},"4":{"start":{"line":10,"column":24},"end":{"line":10,"column":56}},"5":{"start":{"line":12,"column":24},"end":{"line":14,"column":6}},"6":{"start":{"line":13,"column":8},"end":{"line":13,"column":20}},"7":{"start":{"line":18,"column":17},"end":{"line":18,"column":39}},"8":{"start":{"line":19,"column":17},"end":{"line":19,"column":29}},"9":{"start":{"line":20,"column":18},"end":{"line":20,"column":32}},"10":{"start":{"line":21,"column":4},"end":{"line":21,"column":34}}},"fnMap":{"0":{"name":"(anonymous_0)","decl":{"start":{"line":3,"column":45},"end":{"line":3,"column":46}},"loc":{"start":{"line":3,"column":65},"end":{"line":22,"column":1}},"line":3},"1":{"name":"(anonymous_1)","decl":{"start":{"line":6,"column":44},"end":{"line":6,"column":45}},"loc":{"start":{"line":6,"column":57},"end":{"line":8,"column":5}},"line":6},"2":{"name":"(anonymous_2)","decl":{"start":{"line":12,"column":44},"end":{"line":12,"column":45}},"loc":{"start":{"line":12,"column":57},"end":{"line":14,"column":5}},"line":12}},"branchMap":{},"s":{"0":1,"1":1,"2":1,"3":80,"4":1,"5":1,"6":13,"7":1,"8":1,"9":1,"10":1},"f":{"0":1,"1":80,"2":13},"b":{},"_coverageSchema":"43e27e138ebf9cfc5966b082cf9a028302ed4184","hash":"11a6230de4b2b88dd6cb424dfe87662eadb33200"}
,"/Users/ys2n/Code/kmaps-solr-sync/sync/processRelateds.js": {"path":"/Users/ys2n/Code/kmaps-solr-sync/sync/processRelateds.js","statementMap":{"0":{"start":{"line":1,"column":11},"end":{"line":1,"column":28}},"1":{"start":{"line":3,"column":24},"end":{"line":18,"column":1}},"2":{"start":{"line":4,"column":19},"end":{"line":4,"column":21}},"3":{"start":{"line":5,"column":4},"end":{"line":9,"column":5}},"4":{"start":{"line":6,"column":8},"end":{"line":6,"column":43}},"5":{"start":{"line":7,"column":11},"end":{"line":9,"column":5}},"6":{"start":{"line":8,"column":8},"end":{"line":8,"column":36}},"7":{"start":{"line":12,"column":4},"end":{"line":16,"column":5}},"8":{"start":{"line":13,"column":8},"end":{"line":15,"column":11}},"9":{"start":{"line":14,"column":12},"end":{"line":14,"column":34}},"10":{"start":{"line":17,"column":4},"end":{"line":17,"column":20}}},"fnMap":{"0":{"name":"(anonymous_0)","decl":{"start":{"line":3,"column":50},"end":{"line":3,"column":51}},"loc":{"start":{"line":3,"column":71},"end":{"line":18,"column":1}},"line":3},"1":{"name":"(anonymous_1)","decl":{"start":{"line":13,"column":84},"end":{"line":13,"column":85}},"loc":{"start":{"line":13,"column":97},"end":{"line":15,"column":9}},"line":13}},"branchMap":{"0":{"loc":{"start":{"line":5,"column":4},"end":{"line":9,"column":5}},"type":"if","locations":[{"start":{"line":5,"column":4},"end":{"line":9,"column":5}},{"start":{"line":5,"column":4},"end":{"line":9,"column":5}}],"line":5},"1":{"loc":{"start":{"line":7,"column":11},"end":{"line":9,"column":5}},"type":"if","locations":[{"start":{"line":7,"column":11},"end":{"line":9,"column":5}},{"start":{"line":7,"column":11},"end":{"line":9,"column":5}}],"line":7},"2":{"loc":{"start":{"line":12,"column":4},"end":{"line":16,"column":5}},"type":"if","locations":[{"start":{"line":12,"column":4},"end":{"line":16,"column":5}},{"start":{"line":12,"column":4},"end":{"line":16,"column":5}}],"line":12}},"s":{"0":1,"1":1,"2":1,"3":1,"4":0,"5":1,"6":0,"7":1,"8":1,"9":4,"10":1},"f":{"0":1,"1":4},"b":{"0":[0,1],"1":[0,1],"2":[1,0]},"_coverageSchema":"43e27e138ebf9cfc5966b082cf9a028302ed4184","hash":"8e54c424d651c43c1e937a96dd44fcd89356e9c9"}
,"/Users/ys2n/Code/kmaps-solr-sync/sync/processSubjectMapIdFacet.js": {"path":"/Users/ys2n/Code/kmaps-solr-sync/sync/processSubjectMapIdFacet.js","statementMap":{"0":{"start":{"line":1,"column":10},"end":{"line":1,"column":27}},"1":{"start":{"line":2,"column":20},"end":{"line":2,"column":44}},"2":{"start":{"line":3,"column":14},"end":{"line":3,"column":19}},"3":{"start":{"line":5,"column":33},"end":{"line":49,"column":1}},"4":{"start":{"line":6,"column":18},"end":{"line":6,"column":20}},"5":{"start":{"line":7,"column":4},"end":{"line":33,"column":5}},"6":{"start":{"line":8,"column":8},"end":{"line":32,"column":9}},"7":{"start":{"line":9,"column":26},"end":{"line":9,"column":73}},"8":{"start":{"line":10,"column":12},"end":{"line":31,"column":13}},"9":{"start":{"line":11,"column":56},"end":{"line":11,"column":61}},"10":{"start":{"line":12,"column":32},"end":{"line":12,"column":54}},"11":{"start":{"line":13,"column":28},"end":{"line":13,"column":30}},"12":{"start":{"line":14,"column":34},"end":{"line":14,"column":36}},"13":{"start":{"line":15,"column":16},"end":{"line":21,"column":17}},"14":{"start":{"line":16,"column":20},"end":{"line":16,"column":48}},"15":{"start":{"line":17,"column":20},"end":{"line":17,"column":57}},"16":{"start":{"line":18,"column":23},"end":{"line":21,"column":17}},"17":{"start":{"line":19,"column":20},"end":{"line":19,"column":46}},"18":{"start":{"line":20,"column":20},"end":{"line":20,"column":43}},"19":{"start":{"line":23,"column":16},"end":{"line":25,"column":17}},"20":{"start":{"line":24,"column":20},"end":{"line":24,"column":41}},"21":{"start":{"line":27,"column":16},"end":{"line":27,"column":54}},"22":{"start":{"line":28,"column":16},"end":{"line":28,"column":63}},"23":{"start":{"line":29,"column":29},"end":{"line":29,"column":79}},"24":{"start":{"line":30,"column":16},"end":{"line":30,"column":77}},"25":{"start":{"line":35,"column":17},"end":{"line":35,"column":19}},"26":{"start":{"line":36,"column":4},"end":{"line":47,"column":5}},"27":{"start":{"line":37,"column":8},"end":{"line":43,"column":11}},"28":{"start":{"line":38,"column":24},"end":{"line":38,"column":83}},"29":{"start":{"line":39,"column":24},"end":{"line":39,"column":81}},"30":{"start":{"line":41,"column":27},"end":{"line":41,"column":42}},"31":{"start":{"line":42,"column":12},"end":{"line":42,"column":34}},"32":{"start":{"line":44,"column":8},"end":{"line":46,"column":9}},"33":{"start":{"line":45,"column":12},"end":{"line":45,"column":87}},"34":{"start":{"line":45,"column":23},"end":{"line":45,"column":87}},"35":{"start":{"line":48,"column":4},"end":{"line":48,"column":18}}},"fnMap":{"0":{"name":"(anonymous_0)","decl":{"start":{"line":5,"column":68},"end":{"line":5,"column":69}},"loc":{"start":{"line":5,"column":103},"end":{"line":49,"column":1}},"line":5},"1":{"name":"(anonymous_1)","decl":{"start":{"line":37,"column":40},"end":{"line":37,"column":41}},"loc":{"start":{"line":37,"column":59},"end":{"line":43,"column":9}},"line":37}},"branchMap":{"0":{"loc":{"start":{"line":8,"column":8},"end":{"line":32,"column":9}},"type":"if","locations":[{"start":{"line":8,"column":8},"end":{"line":32,"column":9}},{"start":{"line":8,"column":8},"end":{"line":32,"column":9}}],"line":8},"1":{"loc":{"start":{"line":10,"column":12},"end":{"line":31,"column":13}},"type":"if","locations":[{"start":{"line":10,"column":12},"end":{"line":31,"column":13}},{"start":{"line":10,"column":12},"end":{"line":31,"column":13}}],"line":10},"2":{"loc":{"start":{"line":15,"column":16},"end":{"line":21,"column":17}},"type":"if","locations":[{"start":{"line":15,"column":16},"end":{"line":21,"column":17}},{"start":{"line":15,"column":16},"end":{"line":21,"column":17}}],"line":15},"3":{"loc":{"start":{"line":18,"column":23},"end":{"line":21,"column":17}},"type":"if","locations":[{"start":{"line":18,"column":23},"end":{"line":21,"column":17}},{"start":{"line":18,"column":23},"end":{"line":21,"column":17}}],"line":18},"4":{"loc":{"start":{"line":23,"column":16},"end":{"line":25,"column":17}},"type":"if","locations":[{"start":{"line":23,"column":16},"end":{"line":25,"column":17}},{"start":{"line":23,"column":16},"end":{"line":25,"column":17}}],"line":23},"5":{"loc":{"start":{"line":36,"column":4},"end":{"line":47,"column":5}},"type":"if","locations":[{"start":{"line":36,"column":4},"end":{"line":47,"column":5}},{"start":{"line":36,"column":4},"end":{"line":47,"column":5}}],"line":36},"6":{"loc":{"start":{"line":44,"column":8},"end":{"line":46,"column":9}},"type":"if","locations":[{"start":{"line":44,"column":8},"end":{"line":46,"column":9}},{"start":{"line":44,"column":8},"end":{"line":46,"column":9}}],"line":44},"7":{"loc":{"start":{"line":45,"column":12},"end":{"line":45,"column":87}},"type":"if","locations":[{"start":{"line":45,"column":12},"end":{"line":45,"column":87}},{"start":{"line":45,"column":12},"end":{"line":45,"column":87}}],"line":45}},"s":{"0":1,"1":1,"2":1,"3":1,"4":1,"5":1,"6":80,"7":1,"8":1,"9":0,"10":0,"11":0,"12":0,"13":0,"14":0,"15":0,"16":0,"17":0,"18":0,"19":0,"20":0,"21":0,"22":0,"23":0,"24":0,"25":1,"26":1,"27":0,"28":0,"29":0,"30":0,"31":0,"32":0,"33":0,"34":0,"35":1},"f":{"0":1,"1":0},"b":{"0":[1,79],"1":[0,1],"2":[0,0],"3":[0,0],"4":[0,0],"5":[0,1],"6":[0,0],"7":[0,0]},"_coverageSchema":"43e27e138ebf9cfc5966b082cf9a028302ed4184","hash":"b57c40f83f22a7751c6fad22dc94a361f78f1078"}
}
