TN:
SF:/Users/ys2n/Code/kmaps-solr-sync/sync/kmassetSync.js
FN:21,(anonymous_0)
FN:23,(anonymous_1)
FN:36,(anonymous_2)
FN:60,(anonymous_3)
FN:75,(anonymous_4)
FN:77,(anonymous_5)
FN:94,(anonymous_6)
FN:112,(anonymous_7)
FN:118,(anonymous_8)
FN:122,(anonymous_9)
FN:124,(anonymous_10)
FN:147,(anonymous_11)
FN:151,(anonymous_12)
FN:168,(anonymous_13)
FN:173,(anonymous_14)
FN:181,(anonymous_15)
FN:187,(anonymous_16)
FN:194,(anonymous_17)
FN:204,(anonymous_18)
FN:206,(anonymous_19)
FN:212,(anonymous_20)
FN:223,processFeatureTypes
FN:235,(anonymous_22)
FN:296,(anonymous_23)
FN:311,(anonymous_24)
FN:323,(anonymous_25)
FN:328,(anonymous_26)
FN:339,(anonymous_27)
FN:434,(anonymous_28)
FN:449,(anonymous_29)
FN:465,(anonymous_30)
FN:473,(anonymous_31)
FN:486,(anonymous_32)
FN:494,(anonymous_33)
FN:503,(anonymous_34)
FN:507,(anonymous_35)
FN:520,cacheKmap
FN:572,(anonymous_37)
FN:590,(anonymous_38)
FN:602,(anonymous_39)
FN:633,getRetryAssetQueryFunction
FN:636,(anonymous_41)
FN:641,(anonymous_42)
FN:649,(anonymous_43)
FN:650,(anonymous_44)
FN:658,(anonymous_45)
FN:669,(anonymous_46)
FN:692,(anonymous_47)
FN:742,(anonymous_48)
FN:747,(anonymous_49)
FN:758,(anonymous_50)
FN:766,(anonymous_51)
FN:770,(anonymous_52)
FN:779,(anonymous_53)
FN:804,(anonymous_54)
FN:821,(anonymous_55)
FNF:56
FNH:28
FNDA:0,(anonymous_0)
FNDA:0,(anonymous_1)
FNDA:24,(anonymous_2)
FNDA:24,(anonymous_3)
FNDA:24,(anonymous_4)
FNDA:24,(anonymous_5)
FNDA:144,(anonymous_6)
FNDA:117,(anonymous_7)
FNDA:0,(anonymous_8)
FNDA:117,(anonymous_9)
FNDA:117,(anonymous_10)
FNDA:0,(anonymous_11)
FNDA:117,(anonymous_12)
FNDA:0,(anonymous_13)
FNDA:0,(anonymous_14)
FNDA:117,(anonymous_15)
FNDA:117,(anonymous_16)
FNDA:117,(anonymous_17)
FNDA:24,(anonymous_18)
FNDA:24,(anonymous_19)
FNDA:24,(anonymous_20)
FNDA:1,processFeatureTypes
FNDA:1,(anonymous_22)
FNDA:8,(anonymous_23)
FNDA:1,(anonymous_24)
FNDA:26,(anonymous_25)
FNDA:13,(anonymous_26)
FNDA:80,(anonymous_27)
FNDA:80,(anonymous_28)
FNDA:1,(anonymous_29)
FNDA:0,(anonymous_30)
FNDA:0,(anonymous_31)
FNDA:0,(anonymous_32)
FNDA:0,(anonymous_33)
FNDA:0,(anonymous_34)
FNDA:0,(anonymous_35)
FNDA:2,cacheKmap
FNDA:14,(anonymous_37)
FNDA:1,(anonymous_38)
FNDA:3,(anonymous_39)
FNDA:0,getRetryAssetQueryFunction
FNDA:0,(anonymous_41)
FNDA:0,(anonymous_42)
FNDA:0,(anonymous_43)
FNDA:0,(anonymous_44)
FNDA:0,(anonymous_45)
FNDA:0,(anonymous_46)
FNDA:0,(anonymous_47)
FNDA:0,(anonymous_48)
FNDA:0,(anonymous_49)
FNDA:0,(anonymous_50)
FNDA:0,(anonymous_51)
FNDA:0,(anonymous_52)
FNDA:0,(anonymous_53)
FNDA:0,(anonymous_54)
FNDA:0,(anonymous_55)
DA:1,1
DA:2,1
DA:3,1
DA:4,1
DA:5,1
DA:6,1
DA:7,1
DA:9,1
DA:10,1
DA:12,1
DA:13,1
DA:14,1
DA:15,1
DA:16,1
DA:17,1
DA:18,1
DA:19,1
DA:20,1
DA:21,1
DA:22,0
DA:23,0
DA:24,0
DA:25,0
DA:26,0
DA:27,0
DA:28,0
DA:30,0
DA:32,0
DA:36,1
DA:38,24
DA:46,24
DA:47,0
DA:50,24
DA:56,24
DA:57,0
DA:58,0
DA:60,24
DA:61,24
DA:63,24
DA:65,24
DA:66,144
DA:68,144
DA:69,0
DA:70,0
DA:73,24
DA:75,24
DA:76,24
DA:77,24
DA:78,24
DA:79,0
DA:80,0
DA:82,24
DA:83,0
DA:84,0
DA:85,0
DA:89,24
DA:94,24
DA:95,144
DA:96,144
DA:97,144
DA:100,144
DA:101,144
DA:102,0
DA:105,144
DA:107,27
DA:110,117
DA:112,117
DA:113,117
DA:114,117
DA:115,117
DA:116,117
DA:118,117
DA:122,117
DA:123,117
DA:124,117
DA:125,117
DA:126,0
DA:127,0
DA:128,0
DA:129,0
DA:131,117
DA:132,0
DA:133,0
DA:134,0
DA:135,0
DA:140,117
DA:141,117
DA:142,117
DA:143,117
DA:144,117
DA:146,117
DA:149,0
DA:152,117
DA:153,0
DA:154,0
DA:156,0
DA:160,117
DA:165,117
DA:169,0
DA:170,0
DA:171,0
DA:174,0
DA:175,0
DA:176,0
DA:178,0
DA:182,117
DA:186,117
DA:187,117
DA:188,117
DA:189,117
DA:191,117
DA:194,117
DA:195,117
DA:200,24
DA:205,24
DA:208,24
DA:213,24
DA:214,24
DA:215,0
DA:218,24
DA:224,1
DA:225,1
DA:226,1
DA:227,1
DA:228,1
DA:229,1
DA:232,1
DA:235,1
DA:236,1
DA:237,1
DA:238,1
DA:239,1
DA:240,1
DA:241,1
DA:242,1
DA:243,1
DA:244,1
DA:245,1
DA:246,1
DA:248,1
DA:249,1
DA:251,1
DA:252,1
DA:253,1
DA:256,1
DA:257,1
DA:260,1
DA:261,1
DA:263,1
DA:264,1
DA:265,1
DA:267,1
DA:270,1
DA:271,1
DA:272,0
DA:273,0
DA:275,1
DA:276,1
DA:279,1
DA:280,0
DA:284,1
DA:285,0
DA:288,1
DA:289,0
DA:292,1
DA:293,0
DA:296,1
DA:297,8
DA:299,1
DA:301,1
DA:302,1
DA:303,0
DA:304,0
DA:308,1
DA:311,1
DA:312,1
DA:315,1
DA:323,1
DA:324,26
DA:327,1
DA:328,1
DA:329,13
DA:330,8
DA:331,5
DA:332,5
DA:333,0
DA:334,0
DA:339,1
DA:340,80
DA:341,80
DA:342,11
DA:344,80
DA:347,1
DA:349,1
DA:350,1
DA:351,1
DA:354,1
DA:355,1
DA:358,1
DA:399,1
DA:402,1
DA:403,1
DA:404,1
DA:405,1
DA:406,1
DA:407,1
DA:408,1
DA:410,1
DA:411,1
DA:412,0
DA:416,1
DA:417,1
DA:418,0
DA:420,1
DA:421,0
DA:425,1
DA:426,1
DA:427,1
DA:429,1
DA:430,1
DA:434,1
DA:435,80
DA:436,80
DA:437,1
DA:439,80
DA:442,1
DA:444,1
DA:446,1
DA:449,1
DA:451,1
DA:452,1
DA:453,1
DA:456,1
DA:462,1
DA:465,1
DA:470,0
DA:475,0
DA:478,0
DA:479,0
DA:482,0
DA:489,0
DA:491,0
DA:492,0
DA:494,0
DA:495,0
DA:503,1
DA:504,0
DA:505,0
DA:506,0
DA:507,0
DA:509,0
DA:514,1
DA:515,1
DA:516,1
DA:520,1
DA:522,2
DA:524,0
DA:527,2
DA:529,0
DA:532,2
DA:533,0
DA:534,0
DA:537,2
DA:538,9
DA:539,9
DA:540,9
DA:542,9
DA:543,1
DA:545,8
DA:546,8
DA:547,8
DA:548,0
DA:552,9
DA:554,9
DA:555,9
DA:557,0
DA:558,0
DA:559,0
DA:563,9
DA:565,0
DA:566,0
DA:572,1
DA:573,14
DA:574,14
DA:575,14
DA:576,14
DA:578,14
DA:579,9
DA:580,5
DA:581,5
DA:582,0
DA:583,0
DA:585,0
DA:587,14
DA:590,1
DA:591,1
DA:592,1
DA:593,5
DA:594,5
DA:595,5
DA:596,5
DA:599,1
DA:602,1
DA:606,3
DA:610,3
DA:611,18
DA:613,18
DA:616,18
DA:619,0
DA:620,0
DA:621,0
DA:623,0
DA:625,18
DA:626,18
DA:630,3
DA:634,0
DA:637,0
DA:638,0
DA:639,0
DA:642,0
DA:643,0
DA:644,0
DA:646,0
DA:650,0
DA:651,0
DA:657,1
DA:660,0
DA:662,0
DA:663,0
DA:666,0
DA:669,0
DA:673,0
DA:674,0
DA:677,0
DA:678,0
DA:682,0
DA:684,0
DA:687,0
DA:692,0
DA:693,0
DA:694,0
DA:695,0
DA:698,0
DA:699,0
DA:700,0
DA:703,0
DA:704,0
DA:705,0
DA:706,0
DA:707,0
DA:710,0
DA:711,0
DA:712,0
DA:713,0
DA:714,0
DA:717,0
DA:718,0
DA:719,0
DA:720,0
DA:721,0
DA:725,0
DA:726,0
DA:727,0
DA:728,0
DA:732,0
DA:733,0
DA:736,0
DA:739,0
DA:743,0
DA:744,0
DA:745,0
DA:748,0
DA:749,0
DA:750,0
DA:751,0
DA:752,0
DA:753,0
DA:755,0
DA:760,0
DA:761,0
DA:762,0
DA:763,0
DA:764,0
DA:765,0
DA:766,0
DA:767,0
DA:768,0
DA:769,0
DA:770,0
DA:771,0
DA:772,0
DA:774,0
DA:779,0
DA:780,0
DA:781,0
DA:782,0
DA:784,0
DA:789,0
DA:791,0
DA:792,0
DA:794,0
DA:800,0
DA:804,0
DA:805,0
DA:806,0
DA:807,0
DA:808,0
DA:810,0
DA:813,0
DA:815,0
DA:816,0
DA:817,0
DA:819,0
DA:820,0
DA:821,0
DA:822,0
DA:823,0
DA:824,0
DA:825,0
DA:827,0
DA:828,0
DA:830,0
DA:836,0
DA:837,0
DA:842,1
DA:843,1
LF:426
LH:233
BRDA:19,0,0,1
BRDA:19,0,1,1
BRDA:22,1,0,0
BRDA:22,1,1,0
BRDA:24,2,0,0
BRDA:24,2,1,0
BRDA:26,3,0,0
BRDA:26,3,1,0
BRDA:28,4,0,0
BRDA:28,4,1,0
BRDA:30,5,0,0
BRDA:30,5,1,0
BRDA:38,6,0,0
BRDA:38,6,1,24
BRDA:46,7,0,0
BRDA:46,7,1,24
BRDA:56,8,0,0
BRDA:56,8,1,24
BRDA:61,9,0,0
BRDA:61,9,1,24
BRDA:68,10,0,0
BRDA:68,10,1,144
BRDA:69,11,0,0
BRDA:69,11,1,0
BRDA:76,12,0,0
BRDA:76,12,1,24
BRDA:78,13,0,0
BRDA:78,13,1,24
BRDA:82,14,0,0
BRDA:82,14,1,24
BRDA:101,15,0,0
BRDA:101,15,1,144
BRDA:105,16,0,27
BRDA:105,16,1,117
BRDA:110,17,0,0
BRDA:110,17,1,117
BRDA:125,18,0,0
BRDA:125,18,1,117
BRDA:131,19,0,0
BRDA:131,19,1,117
BRDA:152,20,0,0
BRDA:152,20,1,117
BRDA:152,21,0,117
BRDA:152,21,1,117
BRDA:153,22,0,0
BRDA:153,22,1,0
BRDA:175,23,0,0
BRDA:175,23,1,0
BRDA:188,24,0,0
BRDA:188,24,1,117
BRDA:213,25,0,0
BRDA:213,25,1,24
BRDA:214,26,0,0
BRDA:214,26,1,24
BRDA:225,27,0,1
BRDA:225,27,1,0
BRDA:225,28,0,1
BRDA:225,28,1,1
BRDA:225,28,2,1
BRDA:251,29,0,1
BRDA:251,29,1,0
BRDA:257,30,0,0
BRDA:257,30,1,1
BRDA:261,31,0,0
BRDA:261,31,1,1
BRDA:264,32,0,1
BRDA:264,32,1,0
BRDA:270,33,0,1
BRDA:270,33,1,0
BRDA:272,34,0,0
BRDA:272,34,1,0
BRDA:279,35,0,0
BRDA:279,35,1,1
BRDA:284,36,0,0
BRDA:284,36,1,1
BRDA:288,37,0,0
BRDA:288,37,1,1
BRDA:288,38,0,1
BRDA:288,38,1,0
BRDA:292,39,0,0
BRDA:292,39,1,1
BRDA:292,40,0,1
BRDA:292,40,1,0
BRDA:299,41,0,1
BRDA:299,41,1,0
BRDA:301,42,0,1
BRDA:301,42,1,0
BRDA:302,43,0,0
BRDA:302,43,1,1
BRDA:315,44,0,0
BRDA:315,44,1,1
BRDA:329,45,0,8
BRDA:329,45,1,5
BRDA:331,46,0,5
BRDA:331,46,1,0
BRDA:333,47,0,0
BRDA:333,47,1,0
BRDA:341,48,0,11
BRDA:341,48,1,69
BRDA:341,49,0,80
BRDA:341,49,1,11
BRDA:349,50,0,1
BRDA:349,50,1,0
BRDA:349,51,0,1
BRDA:349,51,1,1
BRDA:350,52,0,1
BRDA:350,52,1,0
BRDA:350,53,0,1
BRDA:350,53,1,1
BRDA:351,54,0,1
BRDA:351,54,1,0
BRDA:351,55,0,1
BRDA:351,55,1,1
BRDA:399,56,0,1
BRDA:399,56,1,0
BRDA:402,57,0,0
BRDA:402,57,1,1
BRDA:403,58,0,0
BRDA:403,58,1,1
BRDA:404,59,0,0
BRDA:404,59,1,1
BRDA:405,60,0,0
BRDA:405,60,1,1
BRDA:406,61,0,0
BRDA:406,61,1,1
BRDA:407,62,0,0
BRDA:407,62,1,1
BRDA:408,63,0,0
BRDA:408,63,1,1
BRDA:411,64,0,0
BRDA:411,64,1,1
BRDA:417,65,0,0
BRDA:417,65,1,1
BRDA:420,66,0,0
BRDA:420,66,1,1
BRDA:420,67,0,1
BRDA:420,67,1,0
BRDA:426,68,0,1
BRDA:426,68,1,0
BRDA:429,69,0,1
BRDA:429,69,1,0
BRDA:429,70,0,1
BRDA:429,70,1,1
BRDA:436,71,0,1
BRDA:436,71,1,79
BRDA:436,72,0,80
BRDA:436,72,1,1
BRDA:442,73,0,0
BRDA:442,73,1,1
BRDA:444,74,0,1
BRDA:444,74,1,0
BRDA:451,75,0,1
BRDA:451,75,1,0
BRDA:478,76,0,0
BRDA:478,76,1,0
BRDA:489,77,0,0
BRDA:489,77,1,0
BRDA:491,78,0,0
BRDA:491,78,1,0
BRDA:522,79,0,0
BRDA:522,79,1,2
BRDA:527,80,0,0
BRDA:527,80,1,2
BRDA:532,81,0,0
BRDA:532,81,1,2
BRDA:542,82,0,1
BRDA:542,82,1,8
BRDA:547,83,0,0
BRDA:547,83,1,8
BRDA:547,84,0,8
BRDA:547,84,1,8
BRDA:547,84,2,8
BRDA:554,85,0,9
BRDA:554,85,1,0
BRDA:555,86,0,0
BRDA:555,86,1,9
BRDA:565,87,0,0
BRDA:565,87,1,0
BRDA:578,88,0,9
BRDA:578,88,1,5
BRDA:580,89,0,5
BRDA:580,89,1,0
BRDA:582,90,0,0
BRDA:582,90,1,0
BRDA:595,91,0,5
BRDA:595,91,1,0
BRDA:616,92,0,0
BRDA:616,92,1,18
BRDA:620,93,0,0
BRDA:620,93,1,0
BRDA:621,94,0,0
BRDA:621,94,1,0
BRDA:623,95,0,0
BRDA:623,95,1,0
BRDA:643,96,0,0
BRDA:643,96,1,0
BRDA:660,97,0,0
BRDA:660,97,1,0
BRDA:673,98,0,0
BRDA:673,98,1,0
BRDA:682,99,0,0
BRDA:682,99,1,0
BRDA:693,100,0,0
BRDA:693,100,1,0
BRDA:694,101,0,0
BRDA:694,101,1,0
BRDA:698,102,0,0
BRDA:698,102,1,0
BRDA:698,103,0,0
BRDA:698,103,1,0
BRDA:703,104,0,0
BRDA:703,104,1,0
BRDA:703,105,0,0
BRDA:703,105,1,0
BRDA:704,106,0,0
BRDA:704,106,1,0
BRDA:705,107,0,0
BRDA:705,107,1,0
BRDA:706,108,0,0
BRDA:706,108,1,0
BRDA:710,109,0,0
BRDA:710,109,1,0
BRDA:711,110,0,0
BRDA:711,110,1,0
BRDA:712,111,0,0
BRDA:712,111,1,0
BRDA:713,112,0,0
BRDA:713,112,1,0
BRDA:717,113,0,0
BRDA:717,113,1,0
BRDA:718,114,0,0
BRDA:718,114,1,0
BRDA:719,115,0,0
BRDA:719,115,1,0
BRDA:720,116,0,0
BRDA:720,116,1,0
BRDA:725,117,0,0
BRDA:725,117,1,0
BRDA:726,118,0,0
BRDA:726,118,1,0
BRDA:727,119,0,0
BRDA:727,119,1,0
BRDA:732,120,0,0
BRDA:732,120,1,0
BRDA:752,121,0,0
BRDA:752,121,1,0
BRDA:763,122,0,0
BRDA:763,122,1,0
BRDA:768,123,0,0
BRDA:768,123,1,0
BRDA:771,124,0,0
BRDA:771,124,1,0
BRDA:780,125,0,0
BRDA:780,125,1,0
BRDA:791,126,0,0
BRDA:791,126,1,0
BRDA:794,127,0,0
BRDA:794,127,1,0
BRDA:805,128,0,0
BRDA:805,128,1,0
BRDA:810,129,0,0
BRDA:810,129,1,0
BRDA:810,130,0,0
BRDA:810,130,1,0
BRDA:810,130,2,0
BRDA:813,131,0,0
BRDA:813,131,1,0
BRDA:815,132,0,0
BRDA:815,132,1,0
BRDA:816,133,0,0
BRDA:816,133,1,0
BRDA:817,134,0,0
BRDA:817,134,1,0
BRDA:822,135,0,0
BRDA:822,135,1,0
BRDA:827,136,0,0
BRDA:827,136,1,0
BRDA:836,137,0,0
BRDA:836,137,1,0
BRF:279
BRH:96
end_of_record
TN:
SF:/Users/ys2n/Code/kmaps-solr-sync/sync/processNames.js
FN:3,(anonymous_0)
FN:6,(anonymous_1)
FN:12,(anonymous_2)
FNF:3
FNH:3
FNDA:1,(anonymous_0)
FNDA:80,(anonymous_1)
FNDA:13,(anonymous_2)
DA:1,1
DA:3,1
DA:6,1
DA:7,80
DA:10,1
DA:12,1
DA:13,13
DA:18,1
DA:19,1
DA:20,1
DA:21,1
LF:11
LH:11
BRF:0
BRH:0
end_of_record
TN:
SF:/Users/ys2n/Code/kmaps-solr-sync/sync/processRelateds.js
FN:3,(anonymous_0)
FN:13,(anonymous_1)
FNF:2
FNH:2
FNDA:1,(anonymous_0)
FNDA:4,(anonymous_1)
DA:1,1
DA:3,1
DA:4,1
DA:5,1
DA:6,0
DA:7,1
DA:8,0
DA:12,1
DA:13,1
DA:14,4
DA:17,1
LF:11
LH:9
BRDA:5,0,0,0
BRDA:5,0,1,1
BRDA:7,1,0,0
BRDA:7,1,1,1
BRDA:12,2,0,1
BRDA:12,2,1,0
BRF:6
BRH:3
end_of_record
TN:
SF:/Users/ys2n/Code/kmaps-solr-sync/sync/processSubjectMapIdFacet.js
FN:5,(anonymous_0)
FN:37,(anonymous_1)
FNF:2
FNH:1
FNDA:1,(anonymous_0)
FNDA:0,(anonymous_1)
DA:1,1
DA:2,1
DA:3,1
DA:5,1
DA:6,1
DA:7,1
DA:8,80
DA:9,1
DA:10,1
DA:11,0
DA:12,0
DA:13,0
DA:14,0
DA:15,0
DA:16,0
DA:17,0
DA:18,0
DA:19,0
DA:20,0
DA:23,0
DA:24,0
DA:27,0
DA:28,0
DA:29,0
DA:30,0
DA:35,1
DA:36,1
DA:37,0
DA:38,0
DA:39,0
DA:41,0
DA:42,0
DA:44,0
DA:45,0
DA:48,1
LF:35
LH:12
BRDA:8,0,0,1
BRDA:8,0,1,79
BRDA:10,1,0,0
BRDA:10,1,1,1
BRDA:15,2,0,0
BRDA:15,2,1,0
BRDA:18,3,0,0
BRDA:18,3,1,0
BRDA:23,4,0,0
BRDA:23,4,1,0
BRDA:36,5,0,0
BRDA:36,5,1,1
BRDA:44,6,0,0
BRDA:44,6,1,0
BRDA:45,7,0,0
BRDA:45,7,1,0
BRF:16
BRH:4
end_of_record
